{"total": {"lines":{"total":1220,"covered":836,"skipped":0,"pct":68.52},"statements":{"total":1295,"covered":891,"skipped":0,"pct":68.8},"functions":{"total":428,"covered":223,"skipped":0,"pct":52.1},"branches":{"total":708,"covered":490,"skipped":0,"pct":69.2},"branchesTrue":{"total":0,"covered":0,"skipped":0,"pct":100}}
,"C:\\Users\\lenin\\OneDrive\\Documents\\GitHub\\klip\\src\\main\\domain\\ports\\RootPathRef.ts": {"lines":{"total":0,"covered":0,"skipped":0,"pct":0},"functions":{"total":0,"covered":0,"skipped":0,"pct":0},"statements":{"total":0,"covered":0,"skipped":0,"pct":0},"branches":{"total":0,"covered":0,"skipped":0,"pct":0}}
,"C:\\Users\\lenin\\OneDrive\\Documents\\GitHub\\klip\\src\\main\\domain\\types\\collapse-events.ts": {"lines":{"total":16,"covered":16,"skipped":0,"pct":100},"functions":{"total":2,"covered":2,"skipped":0,"pct":100},"statements":{"total":18,"covered":18,"skipped":0,"pct":100},"branches":{"total":8,"covered":8,"skipped":0,"pct":100}}
,"C:\\Users\\lenin\\OneDrive\\Documents\\GitHub\\klip\\src\\main\\domain\\types\\pagination.ts": {"lines":{"total":2,"covered":2,"skipped":0,"pct":100},"functions":{"total":1,"covered":1,"skipped":0,"pct":100},"statements":{"total":2,"covered":2,"skipped":0,"pct":100},"branches":{"total":0,"covered":0,"skipped":0,"pct":100}}
,"C:\\Users\\lenin\\OneDrive\\Documents\\GitHub\\klip\\src\\main\\domain\\types\\parse-vtt.ts": {"lines":{"total":23,"covered":23,"skipped":0,"pct":100},"functions":{"total":1,"covered":1,"skipped":0,"pct":100},"statements":{"total":29,"covered":28,"skipped":0,"pct":96.55},"branches":{"total":25,"covered":24,"skipped":0,"pct":96}}
,"C:\\Users\\lenin\\OneDrive\\Documents\\GitHub\\klip\\src\\main\\domain\\types\\path-classification.ts": {"lines":{"total":22,"covered":22,"skipped":0,"pct":100},"functions":{"total":2,"covered":2,"skipped":0,"pct":100},"statements":{"total":25,"covered":24,"skipped":0,"pct":96},"branches":{"total":18,"covered":17,"skipped":0,"pct":94.44}}
,"C:\\Users\\lenin\\OneDrive\\Documents\\GitHub\\klip\\src\\main\\domain\\types\\slugify.ts": {"lines":{"total":1,"covered":1,"skipped":0,"pct":100},"functions":{"total":1,"covered":1,"skipped":0,"pct":100},"statements":{"total":1,"covered":1,"skipped":0,"pct":100},"branches":{"total":0,"covered":0,"skipped":0,"pct":100}}
,"C:\\Users\\lenin\\OneDrive\\Documents\\GitHub\\klip\\src\\main\\framework-drivers\\database\\SqliteTransactionScope.ts": {"lines":{"total":2,"covered":2,"skipped":0,"pct":100},"functions":{"total":2,"covered":2,"skipped":0,"pct":100},"statements":{"total":2,"covered":2,"skipped":0,"pct":100},"branches":{"total":0,"covered":0,"skipped":0,"pct":100}}
,"C:\\Users\\lenin\\OneDrive\\Documents\\GitHub\\klip\\src\\main\\framework-drivers\\database\\database.ts": {"lines":{"total":28,"covered":26,"skipped":0,"pct":92.85},"functions":{"total":2,"covered":2,"skipped":0,"pct":100},"statements":{"total":28,"covered":26,"skipped":0,"pct":92.85},"branches":{"total":2,"covered":1,"skipped":0,"pct":50}}
,"C:\\Users\\lenin\\OneDrive\\Documents\\GitHub\\klip\\src\\main\\framework-drivers\\timers\\NodeDebouncer.ts": {"lines":{"total":6,"covered":6,"skipped":0,"pct":100},"functions":{"total":2,"covered":2,"skipped":0,"pct":100},"statements":{"total":6,"covered":6,"skipped":0,"pct":100},"branches":{"total":2,"covered":2,"skipped":0,"pct":100}}
,"C:\\Users\\lenin\\OneDrive\\Documents\\GitHub\\klip\\src\\main\\interface-adapters\\crypto\\NodeIdGenerator.ts": {"lines":{"total":1,"covered":1,"skipped":0,"pct":100},"functions":{"total":1,"covered":1,"skipped":0,"pct":100},"statements":{"total":1,"covered":1,"skipped":0,"pct":100},"branches":{"total":0,"covered":0,"skipped":0,"pct":100}}
,"C:\\Users\\lenin\\OneDrive\\Documents\\GitHub\\klip\\src\\main\\interface-adapters\\queue\\PQueueDownloadQueue.ts": {"lines":{"total":6,"covered":6,"skipped":0,"pct":100},"functions":{"total":6,"covered":6,"skipped":0,"pct":100},"statements":{"total":6,"covered":6,"skipped":0,"pct":100},"branches":{"total":1,"covered":1,"skipped":0,"pct":100}}
,"C:\\Users\\lenin\\OneDrive\\Documents\\GitHub\\klip\\src\\main\\interface-adapters\\queue\\PQueueNotificationQueue.ts": {"lines":{"total":8,"covered":8,"skipped":0,"pct":100},"functions":{"total":4,"covered":4,"skipped":0,"pct":100},"statements":{"total":8,"covered":8,"skipped":0,"pct":100},"branches":{"total":0,"covered":0,"skipped":0,"pct":100}}
,"C:\\Users\\lenin\\OneDrive\\Documents\\GitHub\\klip\\src\\main\\interface-adapters\\repositories\\AuditedCreatorRepository.ts": {"lines":{"total":21,"covered":20,"skipped":0,"pct":95.23},"functions":{"total":10,"covered":9,"skipped":0,"pct":90},"statements":{"total":21,"covered":20,"skipped":0,"pct":95.23},"branches":{"total":8,"covered":8,"skipped":0,"pct":100}}
,"C:\\Users\\lenin\\OneDrive\\Documents\\GitHub\\klip\\src\\main\\interface-adapters\\repositories\\AuditedCutRepository.ts": {"lines":{"total":28,"covered":24,"skipped":0,"pct":85.71},"functions":{"total":14,"covered":12,"skipped":0,"pct":85.71},"statements":{"total":28,"covered":24,"skipped":0,"pct":85.71},"branches":{"total":10,"covered":7,"skipped":0,"pct":70}}
,"C:\\Users\\lenin\\OneDrive\\Documents\\GitHub\\klip\\src\\main\\interface-adapters\\repositories\\AuditedVideoRepository.ts": {"lines":{"total":27,"covered":22,"skipped":0,"pct":81.48},"functions":{"total":13,"covered":10,"skipped":0,"pct":76.92},"statements":{"total":27,"covered":22,"skipped":0,"pct":81.48},"branches":{"total":10,"covered":7,"skipped":0,"pct":70}}
,"C:\\Users\\lenin\\OneDrive\\Documents\\GitHub\\klip\\src\\main\\interface-adapters\\repositories\\SqliteAuditLogRepository.ts": {"lines":{"total":5,"covered":5,"skipped":0,"pct":100},"functions":{"total":5,"covered":5,"skipped":0,"pct":100},"statements":{"total":5,"covered":5,"skipped":0,"pct":100},"branches":{"total":0,"covered":0,"skipped":0,"pct":100}}
,"C:\\Users\\lenin\\OneDrive\\Documents\\GitHub\\klip\\src\\main\\interface-adapters\\repositories\\SqliteCreatorRepository.ts": {"lines":{"total":26,"covered":24,"skipped":0,"pct":92.3},"functions":{"total":11,"covered":10,"skipped":0,"pct":90.9},"statements":{"total":26,"covered":24,"skipped":0,"pct":92.3},"branches":{"total":18,"covered":16,"skipped":0,"pct":88.88}}
,"C:\\Users\\lenin\\OneDrive\\Documents\\GitHub\\klip\\src\\main\\interface-adapters\\repositories\\SqliteCutRepository.ts": {"lines":{"total":43,"covered":41,"skipped":0,"pct":95.34},"functions":{"total":18,"covered":16,"skipped":0,"pct":88.88},"statements":{"total":45,"covered":42,"skipped":0,"pct":93.33},"branches":{"total":30,"covered":28,"skipped":0,"pct":93.33}}
,"C:\\Users\\lenin\\OneDrive\\Documents\\GitHub\\klip\\src\\main\\interface-adapters\\repositories\\SqliteOperationRepository.ts": {"lines":{"total":10,"covered":10,"skipped":0,"pct":100},"functions":{"total":7,"covered":7,"skipped":0,"pct":100},"statements":{"total":10,"covered":10,"skipped":0,"pct":100},"branches":{"total":11,"covered":11,"skipped":0,"pct":100}}
,"C:\\Users\\lenin\\OneDrive\\Documents\\GitHub\\klip\\src\\main\\interface-adapters\\repositories\\SqliteSettingsRepository.ts": {"lines":{"total":9,"covered":9,"skipped":0,"pct":100},"functions":{"total":4,"covered":4,"skipped":0,"pct":100},"statements":{"total":9,"covered":9,"skipped":0,"pct":100},"branches":{"total":2,"covered":2,"skipped":0,"pct":100}}
,"C:\\Users\\lenin\\OneDrive\\Documents\\GitHub\\klip\\src\\main\\interface-adapters\\repositories\\SqliteVideoRepository.ts": {"lines":{"total":34,"covered":30,"skipped":0,"pct":88.23},"functions":{"total":15,"covered":11,"skipped":0,"pct":73.33},"statements":{"total":36,"covered":31,"skipped":0,"pct":86.11},"branches":{"total":22,"covered":19,"skipped":0,"pct":86.36}}
,"C:\\Users\\lenin\\OneDrive\\Documents\\GitHub\\klip\\src\\main\\interface-adapters\\repositories\\diff-objects.ts": {"lines":{"total":6,"covered":6,"skipped":0,"pct":100},"functions":{"total":1,"covered":1,"skipped":0,"pct":100},"statements":{"total":7,"covered":7,"skipped":0,"pct":100},"branches":{"total":6,"covered":6,"skipped":0,"pct":100}}
,"C:\\Users\\lenin\\OneDrive\\Documents\\GitHub\\klip\\src\\main\\interface-adapters\\repositories\\escape-like.ts": {"lines":{"total":1,"covered":1,"skipped":0,"pct":100},"functions":{"total":1,"covered":1,"skipped":0,"pct":100},"statements":{"total":1,"covered":1,"skipped":0,"pct":100},"branches":{"total":0,"covered":0,"skipped":0,"pct":100}}
,"C:\\Users\\lenin\\OneDrive\\Documents\\GitHub\\klip\\src\\main\\use-cases\\DownloadVideo.ts": {"lines":{"total":49,"covered":48,"skipped":0,"pct":97.95},"functions":{"total":8,"covered":7,"skipped":0,"pct":87.5},"statements":{"total":49,"covered":48,"skipped":0,"pct":97.95},"branches":{"total":41,"covered":37,"skipped":0,"pct":90.24}}
,"C:\\Users\\lenin\\OneDrive\\Documents\\GitHub\\klip\\src\\main\\use-cases\\EnrichAllVideos.ts": {"lines":{"total":17,"covered":17,"skipped":0,"pct":100},"functions":{"total":3,"covered":3,"skipped":0,"pct":100},"statements":{"total":18,"covered":18,"skipped":0,"pct":100},"branches":{"total":2,"covered":2,"skipped":0,"pct":100}}
,"C:\\Users\\lenin\\OneDrive\\Documents\\GitHub\\klip\\src\\main\\use-cases\\EnrichMediaMetadata.ts": {"lines":{"total":26,"covered":26,"skipped":0,"pct":100},"functions":{"total":2,"covered":2,"skipped":0,"pct":100},"statements":{"total":28,"covered":28,"skipped":0,"pct":100},"branches":{"total":20,"covered":17,"skipped":0,"pct":85}}
,"C:\\Users\\lenin\\OneDrive\\Documents\\GitHub\\klip\\src\\main\\use-cases\\FetchChannelInfo.ts": {"lines":{"total":11,"covered":11,"skipped":0,"pct":100},"functions":{"total":2,"covered":2,"skipped":0,"pct":100},"statements":{"total":11,"covered":11,"skipped":0,"pct":100},"branches":{"total":22,"covered":19,"skipped":0,"pct":86.36}}
,"C:\\Users\\lenin\\OneDrive\\Documents\\GitHub\\klip\\src\\main\\use-cases\\FetchVideoDetail.ts": {"lines":{"total":23,"covered":23,"skipped":0,"pct":100},"functions":{"total":2,"covered":2,"skipped":0,"pct":100},"statements":{"total":23,"covered":23,"skipped":0,"pct":100},"branches":{"total":12,"covered":11,"skipped":0,"pct":91.66}}
,"C:\\Users\\lenin\\OneDrive\\Documents\\GitHub\\klip\\src\\main\\use-cases\\FetchVideoInfo.ts": {"lines":{"total":4,"covered":4,"skipped":0,"pct":100},"functions":{"total":2,"covered":2,"skipped":0,"pct":100},"statements":{"total":4,"covered":4,"skipped":0,"pct":100},"branches":{"total":4,"covered":4,"skipped":0,"pct":100}}
,"C:\\Users\\lenin\\OneDrive\\Documents\\GitHub\\klip\\src\\main\\use-cases\\IEnrichAllVideos.ts": {"lines":{"total":0,"covered":0,"skipped":0,"pct":0},"functions":{"total":0,"covered":0,"skipped":0,"pct":0},"statements":{"total":0,"covered":0,"skipped":0,"pct":0},"branches":{"total":0,"covered":0,"skipped":0,"pct":0}}
,"C:\\Users\\lenin\\OneDrive\\Documents\\GitHub\\klip\\src\\main\\use-cases\\IEnrichMediaMetadata.ts": {"lines":{"total":0,"covered":0,"skipped":0,"pct":0},"functions":{"total":0,"covered":0,"skipped":0,"pct":0},"statements":{"total":0,"covered":0,"skipped":0,"pct":0},"branches":{"total":0,"covered":0,"skipped":0,"pct":0}}
,"C:\\Users\\lenin\\OneDrive\\Documents\\GitHub\\klip\\src\\main\\use-cases\\IFetchChannelInfo.ts": {"lines":{"total":0,"covered":0,"skipped":0,"pct":0},"functions":{"total":0,"covered":0,"skipped":0,"pct":0},"statements":{"total":0,"covered":0,"skipped":0,"pct":0},"branches":{"total":0,"covered":0,"skipped":0,"pct":0}}
,"C:\\Users\\lenin\\OneDrive\\Documents\\GitHub\\klip\\src\\main\\use-cases\\IFetchVideoDetail.ts": {"lines":{"total":0,"covered":0,"skipped":0,"pct":0},"functions":{"total":0,"covered":0,"skipped":0,"pct":0},"statements":{"total":0,"covered":0,"skipped":0,"pct":0},"branches":{"total":0,"covered":0,"skipped":0,"pct":0}}
,"C:\\Users\\lenin\\OneDrive\\Documents\\GitHub\\klip\\src\\main\\use-cases\\IMigrateRootFolder.ts": {"lines":{"total":0,"covered":0,"skipped":0,"pct":0},"functions":{"total":0,"covered":0,"skipped":0,"pct":0},"statements":{"total":0,"covered":0,"skipped":0,"pct":0},"branches":{"total":0,"covered":0,"skipped":0,"pct":0}}
,"C:\\Users\\lenin\\OneDrive\\Documents\\GitHub\\klip\\src\\main\\use-cases\\MigrateRootFolder.ts": {"lines":{"total":70,"covered":69,"skipped":0,"pct":98.57},"functions":{"total":3,"covered":3,"skipped":0,"pct":100},"statements":{"total":71,"covered":70,"skipped":0,"pct":98.59},"branches":{"total":14,"covered":12,"skipped":0,"pct":85.71}}
,"C:\\Users\\lenin\\OneDrive\\Documents\\GitHub\\klip\\src\\main\\use-cases\\ProbeMediaFile.ts": {"lines":{"total":4,"covered":4,"skipped":0,"pct":100},"functions":{"total":2,"covered":2,"skipped":0,"pct":100},"statements":{"total":4,"covered":4,"skipped":0,"pct":100},"branches":{"total":4,"covered":4,"skipped":0,"pct":100}}
,"C:\\Users\\lenin\\OneDrive\\Documents\\GitHub\\klip\\src\\main\\use-cases\\ProcessFileNotifications.ts": {"lines":{"total":45,"covered":45,"skipped":0,"pct":100},"functions":{"total":11,"covered":9,"skipped":0,"pct":81.81},"statements":{"total":50,"covered":48,"skipped":0,"pct":96},"branches":{"total":13,"covered":13,"skipped":0,"pct":100}}
,"C:\\Users\\lenin\\OneDrive\\Documents\\GitHub\\klip\\src\\main\\use-cases\\ReconcileDirectory.ts": {"lines":{"total":139,"covered":135,"skipped":0,"pct":97.12},"functions":{"total":20,"covered":20,"skipped":0,"pct":100},"statements":{"total":153,"covered":148,"skipped":0,"pct":96.73},"branches":{"total":102,"covered":95,"skipped":0,"pct":93.13}}
,"C:\\Users\\lenin\\OneDrive\\Documents\\GitHub\\klip\\src\\main\\use-cases\\RecoverOperations.ts": {"lines":{"total":40,"covered":38,"skipped":0,"pct":95},"functions":{"total":7,"covered":7,"skipped":0,"pct":100},"statements":{"total":40,"covered":38,"skipped":0,"pct":95},"branches":{"total":14,"covered":13,"skipped":0,"pct":92.85}}
,"C:\\Users\\lenin\\OneDrive\\Documents\\GitHub\\klip\\src\\renderer\\components\\theme-provider.tsx": {"lines":{"total":21,"covered":0,"skipped":0,"pct":0},"functions":{"total":6,"covered":0,"skipped":0,"pct":0},"statements":{"total":22,"covered":0,"skipped":0,"pct":0},"branches":{"total":10,"covered":0,"skipped":0,"pct":0}}
,"C:\\Users\\lenin\\OneDrive\\Documents\\GitHub\\klip\\src\\renderer\\components\\features\\creators\\CreatorCard.tsx": {"lines":{"total":3,"covered":3,"skipped":0,"pct":100},"functions":{"total":2,"covered":2,"skipped":0,"pct":100},"statements":{"total":3,"covered":3,"skipped":0,"pct":100},"branches":{"total":5,"covered":5,"skipped":0,"pct":100}}
,"C:\\Users\\lenin\\OneDrive\\Documents\\GitHub\\klip\\src\\renderer\\components\\features\\creators\\CreatorFilters.tsx": {"lines":{"total":8,"covered":5,"skipped":0,"pct":62.5},"functions":{"total":4,"covered":3,"skipped":0,"pct":75},"statements":{"total":8,"covered":5,"skipped":0,"pct":62.5},"branches":{"total":11,"covered":2,"skipped":0,"pct":18.18}}
,"C:\\Users\\lenin\\OneDrive\\Documents\\GitHub\\klip\\src\\renderer\\components\\features\\creators\\CreatorGrid.tsx": {"lines":{"total":1,"covered":0,"skipped":0,"pct":0},"functions":{"total":1,"covered":0,"skipped":0,"pct":0},"statements":{"total":1,"covered":0,"skipped":0,"pct":0},"branches":{"total":0,"covered":0,"skipped":0,"pct":100}}
,"C:\\Users\\lenin\\OneDrive\\Documents\\GitHub\\klip\\src\\renderer\\components\\features\\creators\\CreatorHeader.tsx": {"lines":{"total":3,"covered":3,"skipped":0,"pct":100},"functions":{"total":2,"covered":2,"skipped":0,"pct":100},"statements":{"total":3,"covered":3,"skipped":0,"pct":100},"branches":{"total":3,"covered":3,"skipped":0,"pct":100}}
,"C:\\Users\\lenin\\OneDrive\\Documents\\GitHub\\klip\\src\\renderer\\components\\features\\downloads\\ActiveDownloadsList.tsx": {"lines":{"total":8,"covered":0,"skipped":0,"pct":0},"functions":{"total":4,"covered":0,"skipped":0,"pct":0},"statements":{"total":9,"covered":0,"skipped":0,"pct":0},"branches":{"total":2,"covered":0,"skipped":0,"pct":0}}
,"C:\\Users\\lenin\\OneDrive\\Documents\\GitHub\\klip\\src\\renderer\\components\\features\\downloads\\CreatorSelector.tsx": {"lines":{"total":2,"covered":2,"skipped":0,"pct":100},"functions":{"total":2,"covered":2,"skipped":0,"pct":100},"statements":{"total":2,"covered":2,"skipped":0,"pct":100},"branches":{"total":0,"covered":0,"skipped":0,"pct":100}}
,"C:\\Users\\lenin\\OneDrive\\Documents\\GitHub\\klip\\src\\renderer\\components\\features\\downloads\\DownloadProgressCard.tsx": {"lines":{"total":3,"covered":3,"skipped":0,"pct":100},"functions":{"total":2,"covered":2,"skipped":0,"pct":100},"statements":{"total":3,"covered":3,"skipped":0,"pct":100},"branches":{"total":11,"covered":11,"skipped":0,"pct":100}}
,"C:\\Users\\lenin\\OneDrive\\Documents\\GitHub\\klip\\src\\renderer\\components\\features\\downloads\\UrlInput.tsx": {"lines":{"total":4,"covered":4,"skipped":0,"pct":100},"functions":{"total":2,"covered":2,"skipped":0,"pct":100},"statements":{"total":4,"covered":4,"skipped":0,"pct":100},"branches":{"total":2,"covered":2,"skipped":0,"pct":100}}
,"C:\\Users\\lenin\\OneDrive\\Documents\\GitHub\\klip\\src\\renderer\\components\\features\\downloads\\VideoInfoPreview.tsx": {"lines":{"total":1,"covered":1,"skipped":0,"pct":100},"functions":{"total":1,"covered":1,"skipped":0,"pct":100},"statements":{"total":1,"covered":1,"skipped":0,"pct":100},"branches":{"total":6,"covered":6,"skipped":0,"pct":100}}
,"C:\\Users\\lenin\\OneDrive\\Documents\\GitHub\\klip\\src\\renderer\\components\\features\\layout\\AppSidebar.tsx": {"lines":{"total":6,"covered":0,"skipped":0,"pct":0},"functions":{"total":2,"covered":0,"skipped":0,"pct":0},"statements":{"total":6,"covered":0,"skipped":0,"pct":0},"branches":{"total":4,"covered":0,"skipped":0,"pct":0}}
,"C:\\Users\\lenin\\OneDrive\\Documents\\GitHub\\klip\\src\\renderer\\components\\features\\settings\\EnrichVideosButton.tsx": {"lines":{"total":10,"covered":0,"skipped":0,"pct":0},"functions":{"total":5,"covered":0,"skipped":0,"pct":0},"statements":{"total":10,"covered":0,"skipped":0,"pct":0},"branches":{"total":6,"covered":0,"skipped":0,"pct":0}}
,"C:\\Users\\lenin\\OneDrive\\Documents\\GitHub\\klip\\src\\renderer\\components\\features\\settings\\MigrateRootButton.tsx": {"lines":{"total":28,"covered":18,"skipped":0,"pct":64.28},"functions":{"total":8,"covered":3,"skipped":0,"pct":37.5},"statements":{"total":29,"covered":19,"skipped":0,"pct":65.51},"branches":{"total":28,"covered":14,"skipped":0,"pct":50}}
,"C:\\Users\\lenin\\OneDrive\\Documents\\GitHub\\klip\\src\\renderer\\components\\features\\settings\\ReconcileButton.tsx": {"lines":{"total":10,"covered":0,"skipped":0,"pct":0},"functions":{"total":5,"covered":0,"skipped":0,"pct":0},"statements":{"total":10,"covered":0,"skipped":0,"pct":0},"branches":{"total":6,"covered":0,"skipped":0,"pct":0}}
,"C:\\Users\\lenin\\OneDrive\\Documents\\GitHub\\klip\\src\\renderer\\components\\features\\settings\\RootPathDisplay.tsx": {"lines":{"total":1,"covered":1,"skipped":0,"pct":100},"functions":{"total":1,"covered":1,"skipped":0,"pct":100},"statements":{"total":1,"covered":1,"skipped":0,"pct":100},"branches":{"total":2,"covered":2,"skipped":0,"pct":100}}
,"C:\\Users\\lenin\\OneDrive\\Documents\\GitHub\\klip\\src\\renderer\\components\\shared\\BlockingOperationDialog.tsx": {"lines":{"total":8,"covered":6,"skipped":0,"pct":75},"functions":{"total":4,"covered":2,"skipped":0,"pct":50},"statements":{"total":10,"covered":8,"skipped":0,"pct":80},"branches":{"total":18,"covered":17,"skipped":0,"pct":94.44}}
,"C:\\Users\\lenin\\OneDrive\\Documents\\GitHub\\klip\\src\\renderer\\components\\shared\\EntityContextMenu.tsx": {"lines":{"total":1,"covered":0,"skipped":0,"pct":0},"functions":{"total":1,"covered":0,"skipped":0,"pct":0},"statements":{"total":1,"covered":0,"skipped":0,"pct":0},"branches":{"total":4,"covered":0,"skipped":0,"pct":0}}
,"C:\\Users\\lenin\\OneDrive\\Documents\\GitHub\\klip\\src\\renderer\\components\\shared\\MediaCard.tsx": {"lines":{"total":5,"covered":5,"skipped":0,"pct":100},"functions":{"total":2,"covered":2,"skipped":0,"pct":100},"statements":{"total":5,"covered":5,"skipped":0,"pct":100},"branches":{"total":14,"covered":12,"skipped":0,"pct":85.71}}
,"C:\\Users\\lenin\\OneDrive\\Documents\\GitHub\\klip\\src\\renderer\\components\\shared\\MediaGrid.tsx": {"lines":{"total":1,"covered":1,"skipped":0,"pct":100},"functions":{"total":1,"covered":1,"skipped":0,"pct":100},"statements":{"total":1,"covered":1,"skipped":0,"pct":100},"branches":{"total":0,"covered":0,"skipped":0,"pct":100}}
,"C:\\Users\\lenin\\OneDrive\\Documents\\GitHub\\klip\\src\\renderer\\components\\shared\\PageContainer.tsx": {"lines":{"total":1,"covered":1,"skipped":0,"pct":100},"functions":{"total":1,"covered":1,"skipped":0,"pct":100},"statements":{"total":1,"covered":1,"skipped":0,"pct":100},"branches":{"total":0,"covered":0,"skipped":0,"pct":100}}
,"C:\\Users\\lenin\\OneDrive\\Documents\\GitHub\\klip\\src\\renderer\\components\\shared\\PageHeader.tsx": {"lines":{"total":1,"covered":1,"skipped":0,"pct":100},"functions":{"total":1,"covered":1,"skipped":0,"pct":100},"statements":{"total":1,"covered":1,"skipped":0,"pct":100},"branches":{"total":4,"covered":4,"skipped":0,"pct":100}}
,"C:\\Users\\lenin\\OneDrive\\Documents\\GitHub\\klip\\src\\renderer\\components\\shared\\PaginationControls.tsx": {"lines":{"total":18,"covered":18,"skipped":0,"pct":100},"functions":{"total":6,"covered":6,"skipped":0,"pct":100},"statements":{"total":25,"covered":25,"skipped":0,"pct":100},"branches":{"total":14,"covered":12,"skipped":0,"pct":85.71}}
,"C:\\Users\\lenin\\OneDrive\\Documents\\GitHub\\klip\\src\\renderer\\components\\shared\\ResponsiveGrid.tsx": {"lines":{"total":2,"covered":2,"skipped":0,"pct":100},"functions":{"total":1,"covered":1,"skipped":0,"pct":100},"statements":{"total":2,"covered":2,"skipped":0,"pct":100},"branches":{"total":0,"covered":0,"skipped":0,"pct":100}}
,"C:\\Users\\lenin\\OneDrive\\Documents\\GitHub\\klip\\src\\renderer\\components\\shared\\StatusBadge.tsx": {"lines":{"total":3,"covered":3,"skipped":0,"pct":100},"functions":{"total":1,"covered":1,"skipped":0,"pct":100},"statements":{"total":3,"covered":3,"skipped":0,"pct":100},"branches":{"total":0,"covered":0,"skipped":0,"pct":100}}
,"C:\\Users\\lenin\\OneDrive\\Documents\\GitHub\\klip\\src\\renderer\\components\\shared\\index.ts": {"lines":{"total":0,"covered":0,"skipped":0,"pct":0},"functions":{"total":0,"covered":0,"skipped":0,"pct":0},"statements":{"total":0,"covered":0,"skipped":0,"pct":0},"branches":{"total":0,"covered":0,"skipped":0,"pct":0}}
,"C:\\Users\\lenin\\OneDrive\\Documents\\GitHub\\klip\\src\\renderer\\hooks\\use-app-store.ts": {"lines":{"total":9,"covered":9,"skipped":0,"pct":100},"functions":{"total":10,"covered":10,"skipped":0,"pct":100},"statements":{"total":12,"covered":12,"skipped":0,"pct":100},"branches":{"total":2,"covered":2,"skipped":0,"pct":100}}
,"C:\\Users\\lenin\\OneDrive\\Documents\\GitHub\\klip\\src\\renderer\\hooks\\use-audit-log.ts": {"lines":{"total":4,"covered":0,"skipped":0,"pct":0},"functions":{"total":4,"covered":0,"skipped":0,"pct":0},"statements":{"total":4,"covered":0,"skipped":0,"pct":0},"branches":{"total":3,"covered":0,"skipped":0,"pct":0}}
,"C:\\Users\\lenin\\OneDrive\\Documents\\GitHub\\klip\\src\\renderer\\hooks\\use-creators.ts": {"lines":{"total":12,"covered":0,"skipped":0,"pct":0},"functions":{"total":10,"covered":0,"skipped":0,"pct":0},"statements":{"total":12,"covered":0,"skipped":0,"pct":0},"branches":{"total":0,"covered":0,"skipped":0,"pct":100}}
,"C:\\Users\\lenin\\OneDrive\\Documents\\GitHub\\klip\\src\\renderer\\hooks\\use-cuts.ts": {"lines":{"total":14,"covered":0,"skipped":0,"pct":0},"functions":{"total":12,"covered":0,"skipped":0,"pct":0},"statements":{"total":14,"covered":0,"skipped":0,"pct":0},"branches":{"total":0,"covered":0,"skipped":0,"pct":100}}
,"C:\\Users\\lenin\\OneDrive\\Documents\\GitHub\\klip\\src\\renderer\\hooks\\use-db-listener.ts": {"lines":{"total":5,"covered":0,"skipped":0,"pct":0},"functions":{"total":3,"covered":0,"skipped":0,"pct":0},"statements":{"total":5,"covered":0,"skipped":0,"pct":0},"branches":{"total":0,"covered":0,"skipped":0,"pct":100}}
,"C:\\Users\\lenin\\OneDrive\\Documents\\GitHub\\klip\\src\\renderer\\hooks\\use-downloads.ts": {"lines":{"total":15,"covered":0,"skipped":0,"pct":0},"functions":{"total":12,"covered":0,"skipped":0,"pct":0},"statements":{"total":18,"covered":0,"skipped":0,"pct":0},"branches":{"total":5,"covered":0,"skipped":0,"pct":0}}
,"C:\\Users\\lenin\\OneDrive\\Documents\\GitHub\\klip\\src\\renderer\\hooks\\use-migrate-root.ts": {"lines":{"total":20,"covered":10,"skipped":0,"pct":50},"functions":{"total":10,"covered":6,"skipped":0,"pct":60},"statements":{"total":23,"covered":13,"skipped":0,"pct":56.52},"branches":{"total":2,"covered":0,"skipped":0,"pct":0}}
,"C:\\Users\\lenin\\OneDrive\\Documents\\GitHub\\klip\\src\\renderer\\hooks\\use-mobile.ts": {"lines":{"total":10,"covered":0,"skipped":0,"pct":0},"functions":{"total":4,"covered":0,"skipped":0,"pct":0},"statements":{"total":11,"covered":0,"skipped":0,"pct":0},"branches":{"total":0,"covered":0,"skipped":0,"pct":100}}
,"C:\\Users\\lenin\\OneDrive\\Documents\\GitHub\\klip\\src\\renderer\\hooks\\use-reconcile.ts": {"lines":{"total":2,"covered":0,"skipped":0,"pct":0},"functions":{"total":2,"covered":0,"skipped":0,"pct":0},"statements":{"total":2,"covered":0,"skipped":0,"pct":0},"branches":{"total":0,"covered":0,"skipped":0,"pct":100}}
,"C:\\Users\\lenin\\OneDrive\\Documents\\GitHub\\klip\\src\\renderer\\hooks\\use-settings.ts": {"lines":{"total":8,"covered":0,"skipped":0,"pct":0},"functions":{"total":7,"covered":0,"skipped":0,"pct":0},"statements":{"total":8,"covered":0,"skipped":0,"pct":0},"branches":{"total":0,"covered":0,"skipped":0,"pct":100}}
,"C:\\Users\\lenin\\OneDrive\\Documents\\GitHub\\klip\\src\\renderer\\hooks\\use-videos.ts": {"lines":{"total":23,"covered":0,"skipped":0,"pct":0},"functions":{"total":18,"covered":0,"skipped":0,"pct":0},"statements":{"total":23,"covered":0,"skipped":0,"pct":0},"branches":{"total":0,"covered":0,"skipped":0,"pct":100}}
,"C:\\Users\\lenin\\OneDrive\\Documents\\GitHub\\klip\\src\\renderer\\lib\\format.ts": {"lines":{"total":13,"covered":13,"skipped":0,"pct":100},"functions":{"total":4,"covered":4,"skipped":0,"pct":100},"statements":{"total":20,"covered":20,"skipped":0,"pct":100},"branches":{"total":14,"covered":14,"skipped":0,"pct":100}}
,"C:\\Users\\lenin\\OneDrive\\Documents\\GitHub\\klip\\src\\renderer\\lib\\query-client.ts": {"lines":{"total":1,"covered":0,"skipped":0,"pct":0},"functions":{"total":0,"covered":0,"skipped":0,"pct":100},"statements":{"total":1,"covered":0,"skipped":0,"pct":0},"branches":{"total":0,"covered":0,"skipped":0,"pct":100}}
,"C:\\Users\\lenin\\OneDrive\\Documents\\GitHub\\klip\\src\\renderer\\lib\\query-keys.ts": {"lines":{"total":14,"covered":1,"skipped":0,"pct":7.14},"functions":{"total":13,"covered":0,"skipped":0,"pct":0},"statements":{"total":14,"covered":1,"skipped":0,"pct":7.14},"branches":{"total":0,"covered":0,"skipped":0,"pct":100}}
,"C:\\Users\\lenin\\OneDrive\\Documents\\GitHub\\klip\\src\\renderer\\lib\\utils.ts": {"lines":{"total":1,"covered":1,"skipped":0,"pct":100},"functions":{"total":1,"covered":1,"skipped":0,"pct":100},"statements":{"total":1,"covered":1,"skipped":0,"pct":100},"branches":{"total":0,"covered":0,"skipped":0,"pct":100}}
,"C:\\Users\\lenin\\OneDrive\\Documents\\GitHub\\klip\\src\\renderer\\src\\routeTree.gen.ts": {"lines":{"total":14,"covered":0,"skipped":0,"pct":0},"functions":{"total":6,"covered":0,"skipped":0,"pct":0},"statements":{"total":14,"covered":0,"skipped":0,"pct":0},"branches":{"total":0,"covered":0,"skipped":0,"pct":100}}
,"C:\\Users\\lenin\\OneDrive\\Documents\\GitHub\\klip\\src\\renderer\\src\\routes\\__root.tsx": {"lines":{"total":16,"covered":0,"skipped":0,"pct":0},"functions":{"total":7,"covered":0,"skipped":0,"pct":0},"statements":{"total":17,"covered":0,"skipped":0,"pct":0},"branches":{"total":9,"covered":0,"skipped":0,"pct":0}}
,"C:\\Users\\lenin\\OneDrive\\Documents\\GitHub\\klip\\src\\renderer\\src\\routes\\about.tsx": {"lines":{"total":3,"covered":0,"skipped":0,"pct":0},"functions":{"total":2,"covered":0,"skipped":0,"pct":0},"statements":{"total":3,"covered":0,"skipped":0,"pct":0},"branches":{"total":0,"covered":0,"skipped":0,"pct":100}}
,"C:\\Users\\lenin\\OneDrive\\Documents\\GitHub\\klip\\src\\renderer\\src\\routes\\downloads.tsx": {"lines":{"total":24,"covered":0,"skipped":0,"pct":0},"functions":{"total":7,"covered":0,"skipped":0,"pct":0},"statements":{"total":24,"covered":0,"skipped":0,"pct":0},"branches":{"total":14,"covered":0,"skipped":0,"pct":0}}
,"C:\\Users\\lenin\\OneDrive\\Documents\\GitHub\\klip\\src\\renderer\\src\\routes\\index.tsx": {"lines":{"total":26,"covered":0,"skipped":0,"pct":0},"functions":{"total":14,"covered":0,"skipped":0,"pct":0},"statements":{"total":26,"covered":0,"skipped":0,"pct":0},"branches":{"total":14,"covered":0,"skipped":0,"pct":0}}
,"C:\\Users\\lenin\\OneDrive\\Documents\\GitHub\\klip\\src\\renderer\\src\\routes\\main.tsx": {"lines":{"total":5,"covered":0,"skipped":0,"pct":0},"functions":{"total":0,"covered":0,"skipped":0,"pct":100},"statements":{"total":5,"covered":0,"skipped":0,"pct":0},"branches":{"total":2,"covered":0,"skipped":0,"pct":0}}
,"C:\\Users\\lenin\\OneDrive\\Documents\\GitHub\\klip\\src\\renderer\\src\\routes\\settings.tsx": {"lines":{"total":6,"covered":0,"skipped":0,"pct":0},"functions":{"total":3,"covered":0,"skipped":0,"pct":0},"statements":{"total":7,"covered":0,"skipped":0,"pct":0},"branches":{"total":8,"covered":0,"skipped":0,"pct":0}}
,"C:\\Users\\lenin\\OneDrive\\Documents\\GitHub\\klip\\src\\renderer\\src\\routes\\videos.$videoId.tsx": {"lines":{"total":29,"covered":0,"skipped":0,"pct":0},"functions":{"total":9,"covered":0,"skipped":0,"pct":0},"statements":{"total":34,"covered":0,"skipped":0,"pct":0},"branches":{"total":48,"covered":0,"skipped":0,"pct":0}}
,"C:\\Users\\lenin\\OneDrive\\Documents\\GitHub\\klip\\src\\renderer\\src\\routes\\creators\\$creatorId.tsx": {"lines":{"total":44,"covered":0,"skipped":0,"pct":0},"functions":{"total":20,"covered":0,"skipped":0,"pct":0},"statements":{"total":44,"covered":0,"skipped":0,"pct":0},"branches":{"total":16,"covered":0,"skipped":0,"pct":0}}
}
