TN:
SF:src\main\domain\types\collapse-events.ts
FN:48,collapseEvents
FN:76,(anonymous_1)
FNF:2
FNH:2
FNDA:47,collapseEvents
FNDA:259,(anonymous_1)
DA:17,15
DA:49,47
DA:51,45
DA:53,45
DA:54,1296
DA:56,1296
DA:58,316
DA:59,316
DA:62,980
DA:63,980
DA:65,980
DA:67,3
DA:68,977
DA:70,57
DA:72,920
DA:76,259
LF:16
LH:16
BRDA:49,0,0,2
BRDA:49,0,1,45
BRDA:56,1,0,316
BRDA:56,1,1,980
BRDA:65,2,0,3
BRDA:65,2,1,977
BRDA:68,3,0,57
BRDA:68,3,1,920
BRF:8
BRH:8
end_of_record
TN:
SF:src\main\domain\types\pagination.ts
FN:7,paginatedResult
FNF:1
FNH:1
FNDA:44,paginatedResult
DA:12,44
DA:13,44
LF:2
LH:2
BRF:0
BRH:0
end_of_record
TN:
SF:src\main\domain\types\path-classification.ts
FN:25,classifyPath
FN:35,(anonymous_1)
FNF:2
FNH:2
FNDA:39,classifyPath
FNDA:118,(anonymous_1)
DA:27,39
DA:28,39
DA:31,39
DA:33,39
DA:35,118
DA:37,34
DA:39,34
DA:42,34
DA:43,3
DA:47,31
DA:48,5
DA:49,1
DA:52,4
DA:53,2
DA:55,2
DA:59,26
DA:60,26
DA:62,26
DA:63,19
DA:66,7
DA:67,6
DA:70,1
LF:22
LH:22
BRDA:33,0,0,5
BRDA:33,0,1,34
BRDA:37,1,0,0
BRDA:37,1,1,34
BRDA:42,2,0,3
BRDA:42,2,1,31
BRDA:47,3,0,5
BRDA:47,3,1,26
BRDA:48,4,0,1
BRDA:48,4,1,4
BRDA:52,5,0,2
BRDA:52,5,1,2
BRDA:52,6,0,4
BRDA:52,6,1,3
BRDA:62,7,0,19
BRDA:62,7,1,7
BRDA:66,8,0,6
BRDA:66,8,1,1
BRF:18
BRH:17
end_of_record
TN:
SF:src\main\domain\types\slugify.ts
FN:14,slugify
FNF:1
FNH:1
FNDA:42,slugify
DA:15,42
LF:1
LH:1
BRF:0
BRH:0
end_of_record
TN:
SF:src\main\framework-drivers\database\SqliteTransactionScope.ts
FN:9,(anonymous_0)
FN:11,(anonymous_1)
FNF:2
FNH:2
FNDA:4,(anonymous_0)
FNDA:4,(anonymous_1)
DA:9,4
DA:12,4
LF:2
LH:2
BRF:0
BRH:0
end_of_record
TN:
SF:src\main\framework-drivers\database\database.ts
FN:24,initializeDatabase
FN:46,pushSchema
FNF:2
FNH:2
FNDA:168,initializeDatabase
FNDA:168,pushSchema
DA:25,168
DA:27,168
DA:28,168
DA:30,168
DA:32,168
DA:33,168
DA:35,0
DA:36,0
DA:39,168
DA:47,168
DA:60,168
DA:80,168
DA:102,168
DA:110,168
DA:123,168
DA:135,168
DA:136,168
DA:137,168
DA:138,168
DA:139,168
DA:140,168
DA:141,168
DA:142,168
DA:143,168
DA:144,168
DA:145,168
LF:26
LH:24
BRDA:32,0,0,168
BRDA:32,0,1,0
BRF:2
BRH:1
end_of_record
TN:
SF:src\main\framework-drivers\timers\NodeDebouncer.ts
FN:10,(anonymous_0)
FN:15,(anonymous_1)
FNF:2
FNH:2
FNDA:6,(anonymous_0)
FNDA:14,(anonymous_1)
DA:8,5
DA:11,6
DA:12,6
DA:16,14
DA:17,6
DA:18,6
LF:6
LH:6
BRDA:16,0,0,6
BRDA:16,0,1,8
BRF:2
BRH:2
end_of_record
TN:
SF:src\main\interface-adapters\crypto\NodeIdGenerator.ts
FN:5,(anonymous_0)
FNF:1
FNH:0
FNDA:0,(anonymous_0)
DA:6,0
LF:1
LH:0
BRF:0
BRH:0
end_of_record
TN:
SF:src\main\interface-adapters\queue\PQueueDownloadQueue.ts
FN:11,(anonymous_0)
FN:15,(anonymous_1)
FN:19,(anonymous_2)
FN:23,(anonymous_3)
FN:27,(anonymous_4)
FN:31,(anonymous_5)
FNF:6
FNH:6
FNDA:9,(anonymous_0)
FNDA:12,(anonymous_1)
FNDA:2,(anonymous_2)
FNDA:2,(anonymous_3)
FNDA:1,(anonymous_4)
FNDA:1,(anonymous_5)
DA:12,9
DA:16,12
DA:20,2
DA:24,2
DA:28,1
DA:32,1
LF:6
LH:6
BRDA:11,0,0,9
BRF:1
BRH:1
end_of_record
TN:
SF:src\main\interface-adapters\queue\PQueueNotificationQueue.ts
FN:20,(anonymous_0)
FN:24,(anonymous_1)
FN:25,(anonymous_2)
FN:32,(anonymous_3)
FNF:4
FNH:4
FNDA:113,(anonymous_0)
FNDA:9,(anonymous_1)
FNDA:9,(anonymous_2)
FNDA:3,(anonymous_3)
DA:17,8
DA:18,8
DA:21,113
DA:25,9
DA:26,9
DA:27,9
DA:28,9
DA:33,3
LF:8
LH:8
BRF:0
BRH:0
end_of_record
TN:
SF:src\main\interface-adapters\repositories\AuditedCreatorRepository.ts
FN:12,(anonymous_0)
FN:17,(anonymous_1)
FN:21,(anonymous_2)
FN:25,(anonymous_3)
FN:29,(anonymous_4)
FN:33,(anonymous_5)
FN:63,(anonymous_6)
FN:79,(anonymous_7)
FN:91,(anonymous_8)
FNF:9
FNH:9
FNDA:13,(anonymous_0)
FNDA:1,(anonymous_1)
FNDA:1,(anonymous_2)
FNDA:3,(anonymous_3)
FNDA:2,(anonymous_4)
FNDA:15,(anonymous_5)
FNDA:3,(anonymous_6)
FNDA:2,(anonymous_7)
FNDA:1,(anonymous_8)
DA:13,13
DA:14,13
DA:18,1
DA:22,1
DA:26,3
DA:30,2
DA:34,15
DA:35,15
DA:37,15
DA:38,15
DA:39,13
DA:47,2
DA:51,2
DA:52,1
DA:64,3
DA:65,3
DA:67,3
DA:80,2
DA:82,2
DA:92,1
LF:20
LH:20
BRDA:38,0,0,13
BRDA:38,0,1,2
BRDA:51,1,0,1
BRDA:51,1,1,1
BRDA:72,2,0,3
BRDA:72,2,1,1
BRDA:73,3,0,3
BRDA:73,3,1,3
BRF:8
BRH:8
end_of_record
TN:
SF:src\main\interface-adapters\repositories\AuditedCutRepository.ts
FN:12,(anonymous_0)
FN:17,(anonymous_1)
FN:21,(anonymous_2)
FN:25,(anonymous_3)
FN:29,(anonymous_4)
FN:33,(anonymous_5)
FN:37,(anonymous_6)
FN:41,(anonymous_7)
FN:45,(anonymous_8)
FN:75,(anonymous_9)
FN:91,(anonymous_10)
FN:106,(anonymous_11)
FN:118,(anonymous_12)
FNF:13
FNH:11
FNDA:14,(anonymous_0)
FNDA:1,(anonymous_1)
FNDA:1,(anonymous_2)
FNDA:3,(anonymous_3)
FNDA:1,(anonymous_4)
FNDA:1,(anonymous_5)
FNDA:2,(anonymous_6)
FNDA:0,(anonymous_7)
FNDA:18,(anonymous_8)
FNDA:1,(anonymous_9)
FNDA:0,(anonymous_10)
FNDA:2,(anonymous_11)
FNDA:1,(anonymous_12)
DA:13,14
DA:14,14
DA:18,1
DA:22,1
DA:26,3
DA:30,1
DA:34,1
DA:38,2
DA:42,0
DA:46,18
DA:47,18
DA:49,18
DA:50,18
DA:51,15
DA:59,3
DA:63,3
DA:64,2
DA:76,1
DA:77,1
DA:79,1
DA:92,0
DA:93,0
DA:95,0
DA:107,2
DA:109,2
DA:119,1
LF:26
LH:22
BRDA:50,0,0,15
BRDA:50,0,1,3
BRDA:63,1,0,2
BRDA:63,1,1,1
BRDA:84,2,0,1
BRDA:84,2,1,0
BRDA:85,3,0,1
BRDA:85,3,1,1
BRDA:100,4,0,0
BRDA:100,4,1,0
BRF:10
BRH:7
end_of_record
TN:
SF:src\main\interface-adapters\repositories\AuditedVideoRepository.ts
FN:12,(anonymous_0)
FN:17,(anonymous_1)
FN:21,(anonymous_2)
FN:25,(anonymous_3)
FN:29,(anonymous_4)
FN:33,(anonymous_5)
FN:37,(anonymous_6)
FN:67,(anonymous_7)
FN:83,(anonymous_8)
FN:98,(anonymous_9)
FN:110,(anonymous_10)
FNF:11
FNH:9
FNDA:11,(anonymous_0)
FNDA:1,(anonymous_1)
FNDA:1,(anonymous_2)
FNDA:3,(anonymous_3)
FNDA:2,(anonymous_4)
FNDA:0,(anonymous_5)
FNDA:14,(anonymous_6)
FNDA:1,(anonymous_7)
FNDA:0,(anonymous_8)
FNDA:2,(anonymous_9)
FNDA:1,(anonymous_10)
DA:13,11
DA:14,11
DA:18,1
DA:22,1
DA:26,3
DA:30,2
DA:34,0
DA:38,14
DA:39,14
DA:41,14
DA:42,14
DA:43,12
DA:51,2
DA:55,2
DA:56,1
DA:68,1
DA:69,1
DA:71,1
DA:84,0
DA:85,0
DA:87,0
DA:99,2
DA:101,2
DA:111,1
LF:24
LH:20
BRDA:42,0,0,12
BRDA:42,0,1,2
BRDA:55,1,0,1
BRDA:55,1,1,1
BRDA:76,2,0,1
BRDA:76,2,1,0
BRDA:77,3,0,1
BRDA:77,3,1,1
BRDA:92,4,0,0
BRDA:92,4,1,0
BRF:10
BRH:7
end_of_record
TN:
SF:src\main\interface-adapters\repositories\SqliteAuditLogRepository.ts
FN:9,mapRow
FN:14,(anonymous_1)
FN:16,(anonymous_2)
FN:29,(anonymous_3)
FN:39,(anonymous_4)
FNF:5
FNH:5
FNDA:56,mapRow
FNDA:50,(anonymous_1)
FNDA:87,(anonymous_2)
FNDA:32,(anonymous_3)
FNDA:5,(anonymous_4)
DA:10,56
DA:14,50
DA:17,87
DA:30,32
DA:40,5
LF:5
LH:5
BRF:0
BRH:0
end_of_record
TN:
SF:src\main\interface-adapters\repositories\SqliteCreatorRepository.ts
FN:23,mapRow
FN:28,(anonymous_1)
FN:30,(anonymous_2)
FN:34,(anonymous_3)
FN:44,(anonymous_4)
FN:49,(anonymous_5)
FN:54,(anonymous_6)
FN:81,(anonymous_7)
FN:89,(anonymous_8)
FN:93,(anonymous_9)
FNF:10
FNH:10
FNDA:65,mapRow
FNDA:121,(anonymous_1)
FNDA:5,(anonymous_2)
FNDA:2,(anonymous_3)
FNDA:26,(anonymous_4)
FNDA:4,(anonymous_5)
FNDA:320,(anonymous_6)
FNDA:7,(anonymous_7)
FNDA:6,(anonymous_8)
FNDA:9,(anonymous_9)
DA:13,9
DA:19,9
DA:24,65
DA:28,121
DA:31,5
DA:35,2
DA:45,26
DA:46,26
DA:50,4
DA:51,4
DA:55,320
DA:82,7
DA:90,6
DA:94,9
DA:95,9
DA:97,9
DA:98,1
DA:103,9
DA:104,9
DA:105,9
DA:106,9
DA:108,9
DA:114,9
DA:123,9
LF:24
LH:24
BRDA:46,0,0,8
BRDA:46,0,1,18
BRDA:51,1,0,2
BRDA:51,1,1,2
BRDA:94,2,0,1
BRDA:94,2,1,8
BRDA:94,3,0,9
BRDA:94,3,1,1
BRDA:97,4,0,1
BRDA:97,4,1,8
BRDA:104,5,0,9
BRDA:104,5,1,8
BRDA:104,6,0,9
BRDA:104,6,1,7
BRDA:105,7,0,1
BRDA:105,7,1,8
BRF:16
BRH:16
end_of_record
TN:
SF:src\main\interface-adapters\repositories\SqliteCutRepository.ts
FN:27,parseTags
FN:38,mapRowToCut
FN:66,(anonymous_2)
FN:68,(anonymous_3)
FN:72,(anonymous_4)
FN:82,(anonymous_5)
FN:87,(anonymous_6)
FN:97,(anonymous_7)
FN:107,(anonymous_8)
FN:117,(anonymous_9)
FN:121,(anonymous_10)
FN:160,(anonymous_11)
FN:205,(anonymous_12)
FN:213,(anonymous_13)
FN:221,(anonymous_14)
FN:225,(anonymous_15)
FN:245,(anonymous_16)
FNF:17
FNH:15
FNDA:78,parseTags
FNDA:78,mapRowToCut
FNDA:52,(anonymous_2)
FNDA:7,(anonymous_3)
FNDA:2,(anonymous_4)
FNDA:34,(anonymous_5)
FNDA:3,(anonymous_6)
FNDA:3,(anonymous_7)
FNDA:0,(anonymous_8)
FNDA:7,(anonymous_9)
FNDA:7,(anonymous_10)
FNDA:227,(anonymous_11)
FNDA:3,(anonymous_12)
FNDA:0,(anonymous_13)
FNDA:3,(anonymous_14)
FNDA:14,(anonymous_15)
FNDA:2,(anonymous_16)
DA:13,9
DA:23,9
DA:28,78
DA:29,78
DA:30,78
DA:31,78
DA:33,1
DA:57,78
DA:66,52
DA:69,7
DA:73,2
DA:83,34
DA:84,34
DA:88,3
DA:98,3
DA:108,0
DA:118,7
DA:120,6
DA:121,7
DA:125,6
DA:157,6
DA:161,227
DA:206,3
DA:214,0
DA:222,3
DA:226,14
DA:227,14
DA:229,14
DA:230,1
DA:233,14
DA:234,1
DA:237,14
DA:238,2
DA:243,14
DA:245,2
DA:250,14
DA:251,14
DA:252,14
DA:253,14
DA:255,14
DA:261,14
DA:271,14
LF:42
LH:40
BRDA:28,0,0,0
BRDA:28,0,1,78
BRDA:31,1,0,77
BRDA:31,1,1,0
BRDA:84,2,0,15
BRDA:84,2,1,19
BRDA:118,3,0,1
BRDA:118,3,1,6
BRDA:226,4,0,1
BRDA:226,4,1,13
BRDA:226,5,0,14
BRDA:226,5,1,1
BRDA:229,6,0,1
BRDA:229,6,1,13
BRDA:233,7,0,1
BRDA:233,7,1,13
BRDA:237,8,0,2
BRDA:237,8,1,12
BRDA:243,9,0,2
BRDA:243,9,1,12
BRDA:243,10,0,14
BRDA:243,10,1,2
BRDA:250,11,0,2
BRDA:250,11,1,12
BRDA:251,12,0,14
BRDA:251,12,1,10
BRDA:251,13,0,14
BRDA:251,13,1,9
BRDA:252,14,0,2
BRDA:252,14,1,12
BRF:30
BRH:28
end_of_record
TN:
SF:src\main\interface-adapters\repositories\SqliteOperationRepository.ts
FN:8,(anonymous_0)
FN:10,(anonymous_1)
FN:26,(anonymous_2)
FN:31,(anonymous_3)
FN:40,(anonymous_4)
FN:56,(anonymous_5)
FN:63,mapRowToOperation
FNF:7
FNH:7
FNDA:16,(anonymous_0)
FNDA:24,(anonymous_1)
FNDA:17,(anonymous_2)
FNDA:7,(anonymous_3)
FNDA:6,(anonymous_4)
FNDA:2,(anonymous_5)
FNDA:23,mapRowToOperation
DA:8,16
DA:11,24
DA:27,17
DA:28,17
DA:32,7
DA:41,6
DA:42,6
DA:44,6
DA:57,2
DA:64,23
LF:10
LH:10
BRDA:28,0,0,16
BRDA:28,0,1,1
BRDA:42,1,0,6
BRDA:42,1,1,5
BRDA:42,1,2,4
BRDA:48,2,0,6
BRDA:48,2,1,5
BRDA:49,3,0,2
BRDA:49,3,1,4
BRDA:50,4,0,3
BRDA:50,4,1,3
BRF:11
BRH:11
end_of_record
TN:
SF:src\main\interface-adapters\repositories\SqliteSettingsRepository.ts
FN:7,(anonymous_0)
FN:9,(anonymous_1)
FN:14,(anonymous_2)
FN:28,(anonymous_3)
FNF:4
FNH:4
FNDA:9,(anonymous_0)
FNDA:6,(anonymous_1)
FNDA:11,(anonymous_2)
FNDA:3,(anonymous_3)
DA:7,9
DA:10,6
DA:11,6
DA:15,11
DA:29,3
DA:30,3
DA:31,3
DA:32,4
DA:34,3
LF:9
LH:9
BRDA:11,0,0,6
BRDA:11,0,1,1
BRF:2
BRH:2
end_of_record
TN:
SF:src\main\interface-adapters\repositories\SqliteVideoRepository.ts
FN:26,mapRow
FN:31,(anonymous_1)
FN:33,(anonymous_2)
FN:37,(anonymous_3)
FN:47,(anonymous_4)
FN:52,(anonymous_5)
FN:62,(anonymous_6)
FN:72,(anonymous_7)
FN:113,(anonymous_8)
FN:121,(anonymous_9)
FN:129,(anonymous_10)
FN:133,(anonymous_11)
FNF:12
FNH:10
FNDA:48,mapRow
FNDA:88,(anonymous_1)
FNDA:7,(anonymous_2)
FNDA:2,(anonymous_3)
FNDA:25,(anonymous_4)
FNDA:4,(anonymous_5)
FNDA:0,(anonymous_6)
FNDA:178,(anonymous_7)
FNDA:3,(anonymous_8)
FNDA:0,(anonymous_9)
FNDA:4,(anonymous_10)
FNDA:13,(anonymous_11)
DA:13,9
DA:22,9
DA:27,48
DA:31,88
DA:34,7
DA:38,2
DA:48,25
DA:49,25
DA:53,4
DA:63,0
DA:73,178
DA:114,3
DA:122,0
DA:130,4
DA:134,13
DA:135,13
DA:137,13
DA:138,1
DA:141,13
DA:142,2
DA:147,13
DA:148,13
DA:149,13
DA:150,13
DA:152,13
DA:158,13
DA:167,13
LF:27
LH:25
BRDA:49,0,0,8
BRDA:49,0,1,17
BRDA:134,1,0,1
BRDA:134,1,1,12
BRDA:134,2,0,13
BRDA:134,2,1,1
BRDA:137,3,0,1
BRDA:137,3,1,12
BRDA:141,4,0,2
BRDA:141,4,1,11
BRDA:148,5,0,13
BRDA:148,5,1,8
BRDA:148,6,0,13
BRDA:148,6,1,7
BRDA:149,7,0,2
BRDA:149,7,1,11
BRF:16
BRH:16
end_of_record
TN:
SF:src\main\interface-adapters\repositories\diff-objects.ts
FN:6,diffObjects
FNF:1
FNH:1
FNDA:7,diffObjects
DA:10,7
DA:11,7
DA:12,97
DA:13,90
DA:14,4
DA:17,7
LF:6
LH:6
BRDA:12,0,0,7
BRDA:12,0,1,90
BRDA:13,1,0,4
BRDA:13,1,1,86
BRDA:17,2,0,4
BRDA:17,2,1,3
BRF:6
BRH:6
end_of_record
TN:
SF:src\main\interface-adapters\repositories\escape-like.ts
FN:5,escapeLike
FNF:1
FNH:1
FNDA:5,escapeLike
DA:6,5
LF:1
LH:1
BRF:0
BRH:0
end_of_record
TN:
SF:src\main\use-cases\DownloadVideo.ts
FN:29,(anonymous_0)
FN:42,(anonymous_1)
FN:66,(anonymous_2)
FN:67,(anonymous_3)
FN:72,(anonymous_4)
FN:78,(anonymous_5)
FN:99,(anonymous_6)
FN:151,(anonymous_7)
FNF:8
FNH:7
FNDA:25,(anonymous_0)
FNDA:25,(anonymous_1)
FNDA:21,(anonymous_2)
FNDA:0,(anonymous_3)
FNDA:1,(anonymous_4)
FNDA:21,(anonymous_5)
FNDA:15,(anonymous_6)
FNDA:20,(anonymous_7)
DA:30,25
DA:31,25
DA:32,25
DA:33,25
DA:34,25
DA:35,25
DA:36,25
DA:37,25
DA:38,25
DA:39,25
DA:43,25
DA:45,25
DA:46,2
DA:48,23
DA:49,2
DA:52,21
DA:55,21
DA:65,21
DA:66,21
DA:67,0
DA:69,21
DA:73,1
DA:83,21
DA:85,21
DA:86,20
DA:89,20
DA:92,20
DA:95,20
DA:96,20
DA:99,20
DA:100,15
DA:103,20
DA:109,17
DA:110,17
DA:127,21
DA:130,21
DA:133,4
DA:134,1
DA:138,3
DA:147,3
DA:152,20
DA:153,20
DA:154,17
DA:155,17
DA:165,17
DA:166,3
DA:167,1
LF:47
LH:46
BRDA:45,0,0,2
BRDA:45,0,1,23
BRDA:45,1,0,25
BRDA:45,1,1,24
BRDA:48,2,0,2
BRDA:48,2,1,21
BRDA:48,3,0,23
BRDA:48,3,1,22
BRDA:113,4,0,17
BRDA:113,4,1,2
BRDA:113,4,2,1
BRDA:115,5,0,21
BRDA:115,5,1,2
BRDA:115,5,2,0
BRDA:133,6,0,1
BRDA:133,6,1,3
BRDA:133,7,0,4
BRDA:133,7,1,4
BRDA:153,8,0,17
BRDA:153,8,1,3
BRDA:166,9,0,1
BRDA:166,9,1,2
BRF:22
BRH:21
end_of_record
TN:
SF:src\main\use-cases\EnrichMediaMetadata.ts
FN:13,(anonymous_0)
FN:20,(anonymous_1)
FNF:2
FNH:2
FNDA:10,(anonymous_0)
FNDA:10,(anonymous_1)
DA:14,10
DA:15,10
DA:16,10
DA:17,10
DA:21,10
DA:24,10
DA:25,10
DA:28,10
DA:29,7
DA:30,6
DA:31,6
DA:32,4
DA:40,7
DA:42,2
DA:43,2
DA:48,10
DA:49,4
DA:50,3
DA:51,3
DA:52,2
DA:60,4
DA:62,1
DA:63,1
DA:68,10
DA:69,5
DA:72,10
LF:26
LH:26
BRDA:29,0,0,1
BRDA:29,0,1,6
BRDA:34,1,0,4
BRDA:34,1,1,1
BRDA:35,2,0,7
BRDA:35,2,1,1
BRDA:36,3,0,7
BRDA:36,3,1,1
BRDA:49,4,0,1
BRDA:49,4,1,3
BRDA:54,5,0,2
BRDA:54,5,1,0
BRDA:55,6,0,4
BRDA:55,6,1,0
BRDA:56,7,0,4
BRDA:56,7,1,0
BRDA:68,8,0,5
BRDA:68,8,1,5
BRDA:68,9,0,10
BRDA:68,9,1,6
BRF:20
BRH:17
end_of_record
TN:
SF:src\main\use-cases\FetchVideoInfo.ts
FN:16,(anonymous_0)
FN:18,(anonymous_1)
FNF:2
FNH:2
FNDA:4,(anonymous_0)
FNDA:4,(anonymous_1)
DA:16,4
DA:19,4
DA:20,2
DA:23,2
LF:4
LH:4
BRDA:19,0,0,2
BRDA:19,0,1,2
BRDA:19,1,0,4
BRDA:19,1,1,3
BRF:4
BRH:4
end_of_record
TN:
SF:src\main\use-cases\IEnrichMediaMetadata.ts
FNF:0
FNH:0
LF:0
LH:0
BRF:0
BRH:0
end_of_record
TN:
SF:src\main\use-cases\ProbeMediaFile.ts
FN:15,(anonymous_0)
FN:17,(anonymous_1)
FNF:2
FNH:2
FNDA:5,(anonymous_0)
FNDA:5,(anonymous_1)
DA:15,5
DA:18,5
DA:19,2
DA:22,3
LF:4
LH:4
BRDA:18,0,0,2
BRDA:18,0,1,3
BRDA:18,1,0,5
BRDA:18,1,1,4
BRF:4
BRH:4
end_of_record
TN:
SF:src\main\use-cases\ProcessFileNotifications.ts
FN:19,mergeResults
FN:48,(anonymous_1)
FN:65,(anonymous_2)
FN:74,(anonymous_3)
FN:81,(anonymous_4)
FN:90,(anonymous_5)
FN:94,(anonymous_6)
FN:102,(anonymous_7)
FN:119,(anonymous_8)
FN:127,(anonymous_9)
FN:136,(anonymous_10)
FNF:11
FNH:9
FNDA:9,mergeResults
FNDA:24,(anonymous_1)
FNDA:7,(anonymous_2)
FNDA:4,(anonymous_3)
FNDA:5,(anonymous_4)
FNDA:25,(anonymous_5)
FNDA:14,(anonymous_6)
FNDA:14,(anonymous_7)
FNDA:0,(anonymous_8)
FNDA:0,(anonymous_9)
FNDA:10,(anonymous_10)
DA:8,1
DA:9,1
DA:20,9
DA:45,24
DA:46,24
DA:49,24
DA:50,24
DA:51,24
DA:52,24
DA:53,24
DA:54,24
DA:58,24
DA:66,7
DA:67,7
DA:76,4
DA:77,4
DA:82,5
DA:91,25
DA:92,23
DA:93,23
DA:94,22
DA:103,14
DA:104,14
DA:105,14
DA:106,14
DA:108,14
DA:110,12
DA:111,2
DA:113,10
DA:116,11
DA:119,11
DA:121,1
DA:123,14
DA:126,14
DA:127,1
DA:137,10
DA:139,10
DA:140,20
DA:141,20
DA:142,16
DA:146,10
DA:158,10
DA:159,9
DA:160,9
LF:44
LH:44
BRDA:54,0,0,24
BRDA:91,1,0,2
BRDA:91,1,1,23
BRDA:93,2,0,22
BRDA:93,2,1,1
BRDA:108,3,0,2
BRDA:108,3,1,12
BRDA:110,4,0,2
BRDA:110,4,1,10
BRDA:126,5,0,1
BRDA:126,5,1,13
BRDA:141,6,0,16
BRDA:141,6,1,4
BRF:13
BRH:13
end_of_record
TN:
SF:src\main\use-cases\ReconcileDirectory.ts
FN:28,emptyResult
FN:52,(anonymous_1)
FN:61,(anonymous_2)
FN:62,(anonymous_3)
FN:65,(anonymous_4)
FN:66,(anonymous_5)
FN:71,(anonymous_6)
FN:78,(anonymous_7)
FN:133,(anonymous_8)
FN:187,(anonymous_9)
FN:217,(anonymous_10)
FN:235,(anonymous_11)
FN:245,(anonymous_12)
FN:246,(anonymous_13)
FN:272,(anonymous_14)
FN:301,(anonymous_15)
FN:319,(anonymous_16)
FN:329,(anonymous_17)
FN:330,(anonymous_18)
FN:358,(anonymous_19)
FNF:20
FNH:20
FNDA:44,emptyResult
FNDA:44,(anonymous_1)
FNDA:34,(anonymous_2)
FNDA:34,(anonymous_3)
FNDA:10,(anonymous_4)
FNDA:10,(anonymous_5)
FNDA:34,(anonymous_6)
FNDA:26,(anonymous_7)
FNDA:10,(anonymous_8)
FNDA:23,(anonymous_9)
FNDA:11,(anonymous_10)
FNDA:7,(anonymous_11)
FNDA:6,(anonymous_12)
FNDA:8,(anonymous_13)
FNDA:23,(anonymous_14)
FNDA:11,(anonymous_15)
FNDA:5,(anonymous_16)
FNDA:4,(anonymous_17)
FNDA:5,(anonymous_18)
FNDA:5,(anonymous_19)
DA:29,44
DA:53,44
DA:54,44
DA:55,44
DA:56,44
DA:57,44
DA:58,44
DA:62,34
DA:66,10
DA:72,34
DA:75,34
DA:76,34
DA:78,34
DA:81,34
DA:82,26
DA:84,24
DA:86,21
DA:87,2
DA:88,2
DA:90,21
DA:91,21
DA:94,3
DA:95,2
DA:96,2
DA:97,2
DA:103,34
DA:104,30
DA:106,9
DA:107,9
DA:111,9
DA:112,9
DA:122,30
DA:123,30
DA:126,30
DA:127,30
DA:130,34
DA:134,10
DA:136,10
DA:137,10
DA:138,10
DA:140,10
DA:141,6
DA:143,5
DA:145,2
DA:146,1
DA:147,1
DA:149,2
DA:150,2
DA:153,3
DA:154,3
DA:155,3
DA:156,3
DA:159,4
DA:161,2
DA:164,2
DA:165,2
DA:175,2
DA:176,2
DA:178,2
DA:179,2
DA:182,9
DA:188,23
DA:189,23
DA:192,23
DA:194,23
DA:195,4
DA:197,3
DA:198,1
DA:199,1
DA:200,1
DA:202,1
DA:204,2
DA:205,1
DA:206,1
DA:212,23
DA:213,7
DA:218,11
DA:219,11
DA:221,11
DA:223,2
DA:224,2
DA:225,2
DA:226,1
DA:227,1
DA:229,2
DA:231,0
DA:241,7
DA:242,7
DA:243,7
DA:245,7
DA:246,8
DA:248,7
DA:249,7
DA:266,7
DA:267,7
DA:273,23
DA:274,23
DA:277,23
DA:279,23
DA:280,3
DA:282,2
DA:283,1
DA:284,1
DA:285,1
DA:287,1
DA:289,1
DA:290,0
DA:291,0
DA:296,23
DA:297,5
DA:302,11
DA:303,11
DA:305,11
DA:307,2
DA:308,2
DA:309,2
DA:310,1
DA:311,1
DA:313,2
DA:315,0
DA:325,5
DA:326,5
DA:327,5
DA:329,5
DA:330,5
DA:332,5
DA:333,5
DA:352,5
DA:353,5
DA:359,5
DA:360,5
DA:361,5
DA:362,3
DA:363,3
DA:366,5
DA:367,5
DA:368,2
DA:369,2
DA:370,2
LF:139
LH:135
BRDA:82,0,0,2
BRDA:82,0,1,24
BRDA:84,1,0,21
BRDA:84,1,1,3
BRDA:86,2,0,2
BRDA:86,2,1,19
BRDA:94,3,0,2
BRDA:94,3,1,1
BRDA:104,4,0,21
BRDA:104,4,1,9
BRDA:115,5,0,9
BRDA:115,5,1,6
BRDA:116,6,0,30
BRDA:116,6,1,8
BRDA:140,7,0,6
BRDA:140,7,1,4
BRDA:141,8,0,1
BRDA:141,8,1,5
BRDA:143,9,0,2
BRDA:143,9,1,3
BRDA:145,10,0,1
BRDA:145,10,1,1
BRDA:153,11,0,3
BRDA:153,11,1,0
BRDA:159,12,0,2
BRDA:159,12,1,2
BRDA:168,13,0,2
BRDA:168,13,1,1
BRDA:169,14,0,2
BRDA:169,14,1,2
BRDA:195,15,0,1
BRDA:195,15,1,3
BRDA:197,16,0,1
BRDA:197,16,1,2
BRDA:198,17,0,1
BRDA:198,17,1,0
BRDA:204,18,0,1
BRDA:204,18,1,1
BRDA:224,19,0,2
BRDA:224,19,1,0
BRDA:225,20,0,1
BRDA:225,20,1,1
BRDA:245,21,0,7
BRDA:245,21,1,3
BRDA:246,22,0,7
BRDA:246,22,1,5
BRDA:252,23,0,7
BRDA:252,23,1,6
BRDA:253,24,0,7
BRDA:253,24,1,5
BRDA:254,25,0,7
BRDA:254,25,1,7
BRDA:257,26,0,4
BRDA:257,26,1,3
BRDA:258,27,0,2
BRDA:258,27,1,5
BRDA:259,28,0,7
BRDA:259,28,1,7
BRDA:280,29,0,1
BRDA:280,29,1,2
BRDA:282,30,0,1
BRDA:282,30,1,1
BRDA:283,31,0,1
BRDA:283,31,1,0
BRDA:289,32,0,0
BRDA:289,32,1,1
BRDA:308,33,0,2
BRDA:308,33,1,0
BRDA:309,34,0,1
BRDA:309,34,1,1
BRDA:329,35,0,5
BRDA:329,35,1,1
BRDA:330,36,0,5
BRDA:330,36,1,4
BRDA:337,37,0,5
BRDA:337,37,1,4
BRDA:338,38,0,5
BRDA:338,38,1,4
BRDA:339,39,0,5
BRDA:339,39,1,3
BRDA:340,40,0,5
BRDA:340,40,1,5
BRDA:344,41,0,4
BRDA:344,41,1,1
BRDA:345,42,0,1
BRDA:345,42,1,4
BRDA:361,43,0,2
BRDA:361,43,1,3
BRDA:361,44,0,5
BRDA:361,44,1,4
BRDA:368,45,0,0
BRDA:368,45,1,2
BRDA:368,46,0,2
BRDA:368,46,1,2
BRF:94
BRH:87
end_of_record
TN:
SF:src\main\use-cases\RecoverOperations.ts
FN:19,(anonymous_0)
FN:24,(anonymous_1)
FN:48,(anonymous_2)
FN:63,(anonymous_3)
FN:94,(anonymous_4)
FN:100,(anonymous_5)
FN:106,(anonymous_6)
FNF:7
FNH:7
FNDA:9,(anonymous_0)
FNDA:9,(anonymous_1)
FNDA:10,(anonymous_2)
FNDA:6,(anonymous_3)
FNDA:2,(anonymous_4)
FNDA:2,(anonymous_5)
FNDA:8,(anonymous_6)
DA:20,9
DA:21,9
DA:25,9
DA:26,9
DA:27,9
DA:29,9
DA:30,9
DA:32,9
DA:33,10
DA:34,10
DA:35,2
DA:37,8
DA:41,9
DA:49,10
DA:51,6
DA:53,2
DA:55,2
DA:58,0
DA:59,0
DA:64,6
DA:65,6
DA:66,6
DA:68,6
DA:69,1
DA:70,1
DA:74,4
DA:75,2
DA:76,2
DA:80,2
DA:81,1
DA:82,1
DA:86,1
DA:87,1
DA:89,1
DA:90,1
DA:96,2
DA:97,2
DA:102,2
DA:103,2
DA:107,8
LF:40
LH:38
BRDA:34,0,0,2
BRDA:34,0,1,8
BRDA:49,1,0,6
BRDA:49,1,1,2
BRDA:49,1,2,2
BRDA:49,1,3,0
BRDA:68,2,0,1
BRDA:68,2,1,5
BRDA:68,3,0,6
BRDA:68,3,1,4
BRDA:74,4,0,2
BRDA:74,4,1,2
BRDA:80,5,0,1
BRDA:80,5,1,1
BRF:14
BRH:13
end_of_record
TN:
SF:src\renderer\lib\utils.ts
FN:4,cn
FNF:1
FNH:0
FNDA:0,cn
DA:5,0
LF:1
LH:0
BRF:0
BRH:0
end_of_record
TN:
SF:src\renderer\src\App.tsx
FN:7,App
FNF:1
FNH:0
FNDA:0,App
DA:10,0
LF:1
LH:0
BRF:0
BRH:0
end_of_record
TN:
SF:src\renderer\src\main.tsx
FNF:0
FNH:0
DA:7,0
LF:1
LH:0
BRF:0
BRH:0
end_of_record
