TN:
SF:src\main\domain\ports\RootPathRef.ts
FNF:0
FNH:0
LF:0
LH:0
BRF:0
BRH:0
end_of_record
TN:
SF:src\main\domain\types\collapse-events.ts
FN:48,collapseEvents
FN:76,(anonymous_1)
FNF:2
FNH:2
FNDA:47,collapseEvents
FNDA:259,(anonymous_1)
DA:17,20
DA:49,47
DA:51,45
DA:53,45
DA:54,1296
DA:56,1296
DA:58,316
DA:59,316
DA:62,980
DA:63,980
DA:65,980
DA:67,3
DA:68,977
DA:70,57
DA:72,920
DA:76,259
LF:16
LH:16
BRDA:49,0,0,2
BRDA:49,0,1,45
BRDA:56,1,0,316
BRDA:56,1,1,980
BRDA:65,2,0,3
BRDA:65,2,1,977
BRDA:68,3,0,57
BRDA:68,3,1,920
BRF:8
BRH:8
end_of_record
TN:
SF:src\main\domain\types\pagination.ts
FN:7,paginatedResult
FNF:1
FNH:1
FNDA:44,paginatedResult
DA:12,44
DA:13,44
LF:2
LH:2
BRF:0
BRH:0
end_of_record
TN:
SF:src\main\domain\types\parse-vtt.ts
FN:11,parseVtt
FNF:1
FNH:1
FNDA:7,parseVtt
DA:12,7
DA:13,7
DA:14,7
DA:15,7
DA:17,7
DA:18,41
DA:21,41
DA:22,2
DA:23,1
DA:25,2
DA:27,39
DA:28,1
DA:29,1
DA:32,38
DA:33,27
DA:34,20
DA:36,18
DA:39,9
DA:40,9
DA:41,9
DA:42,8
DA:43,8
DA:46,7
LF:23
LH:23
BRDA:21,0,0,2
BRDA:21,0,1,39
BRDA:22,1,0,1
BRDA:22,1,1,1
BRDA:27,2,0,1
BRDA:27,2,1,38
BRDA:27,3,0,39
BRDA:27,3,1,38
BRDA:27,3,2,38
BRDA:32,4,0,11
BRDA:32,4,1,27
BRDA:33,5,0,7
BRDA:33,5,1,20
BRDA:33,6,0,27
BRDA:33,6,1,20
BRDA:34,7,0,2
BRDA:34,7,1,18
BRDA:34,8,0,20
BRDA:34,8,1,19
BRDA:36,9,0,9
BRDA:36,9,1,9
BRDA:40,10,0,0
BRDA:40,10,1,9
BRDA:41,11,0,1
BRDA:41,11,1,8
BRF:25
BRH:24
end_of_record
TN:
SF:src\main\domain\types\path-classification.ts
FN:25,classifyPath
FN:35,(anonymous_1)
FNF:2
FNH:2
FNDA:39,classifyPath
FNDA:118,(anonymous_1)
DA:27,39
DA:28,39
DA:31,39
DA:33,39
DA:35,118
DA:37,34
DA:39,34
DA:42,34
DA:43,3
DA:47,31
DA:48,5
DA:49,1
DA:52,4
DA:53,2
DA:55,2
DA:59,26
DA:60,26
DA:62,26
DA:63,19
DA:66,7
DA:67,6
DA:70,1
LF:22
LH:22
BRDA:33,0,0,5
BRDA:33,0,1,34
BRDA:37,1,0,0
BRDA:37,1,1,34
BRDA:42,2,0,3
BRDA:42,2,1,31
BRDA:47,3,0,5
BRDA:47,3,1,26
BRDA:48,4,0,1
BRDA:48,4,1,4
BRDA:52,5,0,2
BRDA:52,5,1,2
BRDA:52,6,0,4
BRDA:52,6,1,3
BRDA:62,7,0,19
BRDA:62,7,1,7
BRDA:66,8,0,6
BRDA:66,8,1,1
BRF:18
BRH:17
end_of_record
TN:
SF:src\main\domain\types\slugify.ts
FN:14,slugify
FNF:1
FNH:1
FNDA:48,slugify
DA:15,48
LF:1
LH:1
BRF:0
BRH:0
end_of_record
TN:
SF:src\main\framework-drivers\database\SqliteTransactionScope.ts
FN:9,(anonymous_0)
FN:11,(anonymous_1)
FNF:2
FNH:2
FNDA:7,(anonymous_0)
FNDA:4,(anonymous_1)
DA:9,7
DA:12,4
LF:2
LH:2
BRF:0
BRH:0
end_of_record
TN:
SF:src\main\framework-drivers\database\database.ts
FN:24,initializeDatabase
FN:46,pushSchema
FNF:2
FNH:2
FNDA:180,initializeDatabase
FNDA:180,pushSchema
DA:25,180
DA:27,180
DA:28,180
DA:30,180
DA:32,180
DA:33,180
DA:35,0
DA:36,0
DA:39,180
DA:47,180
DA:64,180
DA:95,180
DA:117,180
DA:125,180
DA:138,180
DA:150,180
DA:151,180
DA:152,180
DA:153,180
DA:154,180
DA:155,180
DA:156,180
DA:157,180
DA:158,180
DA:159,180
DA:160,180
DA:161,180
DA:162,180
LF:28
LH:26
BRDA:32,0,0,180
BRDA:32,0,1,0
BRF:2
BRH:1
end_of_record
TN:
SF:src\main\framework-drivers\timers\NodeDebouncer.ts
FN:10,(anonymous_0)
FN:15,(anonymous_1)
FNF:2
FNH:2
FNDA:6,(anonymous_0)
FNDA:17,(anonymous_1)
DA:8,8
DA:11,6
DA:12,6
DA:16,17
DA:17,6
DA:18,6
LF:6
LH:6
BRDA:16,0,0,6
BRDA:16,0,1,11
BRF:2
BRH:2
end_of_record
TN:
SF:src\main\interface-adapters\crypto\NodeIdGenerator.ts
FN:5,(anonymous_0)
FNF:1
FNH:1
FNDA:1,(anonymous_0)
DA:6,1
LF:1
LH:1
BRF:0
BRH:0
end_of_record
TN:
SF:src\main\interface-adapters\queue\PQueueDownloadQueue.ts
FN:11,(anonymous_0)
FN:15,(anonymous_1)
FN:19,(anonymous_2)
FN:23,(anonymous_3)
FN:27,(anonymous_4)
FN:31,(anonymous_5)
FNF:6
FNH:6
FNDA:12,(anonymous_0)
FNDA:12,(anonymous_1)
FNDA:2,(anonymous_2)
FNDA:2,(anonymous_3)
FNDA:1,(anonymous_4)
FNDA:4,(anonymous_5)
DA:12,12
DA:16,12
DA:20,2
DA:24,2
DA:28,1
DA:32,4
LF:6
LH:6
BRDA:11,0,0,12
BRF:1
BRH:1
end_of_record
TN:
SF:src\main\interface-adapters\queue\PQueueNotificationQueue.ts
FN:20,(anonymous_0)
FN:24,(anonymous_1)
FN:25,(anonymous_2)
FN:32,(anonymous_3)
FNF:4
FNH:4
FNDA:113,(anonymous_0)
FNDA:9,(anonymous_1)
FNDA:9,(anonymous_2)
FNDA:3,(anonymous_3)
DA:17,11
DA:18,11
DA:21,113
DA:25,9
DA:26,9
DA:27,9
DA:28,9
DA:33,3
LF:8
LH:8
BRF:0
BRH:0
end_of_record
TN:
SF:src\main\interface-adapters\repositories\AuditedCreatorRepository.ts
FN:12,(anonymous_0)
FN:17,(anonymous_1)
FN:21,(anonymous_2)
FN:25,(anonymous_3)
FN:29,(anonymous_4)
FN:33,(anonymous_5)
FN:37,(anonymous_6)
FN:67,(anonymous_7)
FN:83,(anonymous_8)
FN:95,(anonymous_9)
FNF:10
FNH:9
FNDA:16,(anonymous_0)
FNDA:1,(anonymous_1)
FNDA:1,(anonymous_2)
FNDA:3,(anonymous_3)
FNDA:2,(anonymous_4)
FNDA:0,(anonymous_5)
FNDA:15,(anonymous_6)
FNDA:3,(anonymous_7)
FNDA:2,(anonymous_8)
FNDA:1,(anonymous_9)
DA:13,16
DA:14,16
DA:18,1
DA:22,1
DA:26,3
DA:30,2
DA:34,0
DA:38,15
DA:39,15
DA:41,15
DA:42,15
DA:43,13
DA:51,2
DA:55,2
DA:56,1
DA:68,3
DA:69,3
DA:71,3
DA:84,2
DA:86,2
DA:96,1
LF:21
LH:20
BRDA:42,0,0,13
BRDA:42,0,1,2
BRDA:55,1,0,1
BRDA:55,1,1,1
BRDA:76,2,0,3
BRDA:76,2,1,1
BRDA:77,3,0,3
BRDA:77,3,1,3
BRF:8
BRH:8
end_of_record
TN:
SF:src\main\interface-adapters\repositories\AuditedCutRepository.ts
FN:12,(anonymous_0)
FN:17,(anonymous_1)
FN:21,(anonymous_2)
FN:25,(anonymous_3)
FN:29,(anonymous_4)
FN:33,(anonymous_5)
FN:37,(anonymous_6)
FN:41,(anonymous_7)
FN:45,(anonymous_8)
FN:75,(anonymous_9)
FN:91,(anonymous_10)
FN:106,(anonymous_11)
FN:118,(anonymous_12)
FN:122,(anonymous_13)
FNF:14
FNH:12
FNDA:18,(anonymous_0)
FNDA:1,(anonymous_1)
FNDA:1,(anonymous_2)
FNDA:5,(anonymous_3)
FNDA:1,(anonymous_4)
FNDA:1,(anonymous_5)
FNDA:2,(anonymous_6)
FNDA:0,(anonymous_7)
FNDA:20,(anonymous_8)
FNDA:1,(anonymous_9)
FNDA:0,(anonymous_10)
FNDA:2,(anonymous_11)
FNDA:1,(anonymous_12)
FNDA:1,(anonymous_13)
DA:13,18
DA:14,18
DA:18,1
DA:22,1
DA:26,5
DA:30,1
DA:34,1
DA:38,2
DA:42,0
DA:46,20
DA:47,20
DA:49,20
DA:50,20
DA:51,17
DA:59,3
DA:63,3
DA:64,2
DA:76,1
DA:77,1
DA:79,1
DA:92,0
DA:93,0
DA:95,0
DA:107,2
DA:109,2
DA:119,1
DA:123,1
DA:125,1
LF:28
LH:24
BRDA:50,0,0,17
BRDA:50,0,1,3
BRDA:63,1,0,2
BRDA:63,1,1,1
BRDA:84,2,0,1
BRDA:84,2,1,0
BRDA:85,3,0,1
BRDA:85,3,1,1
BRDA:100,4,0,0
BRDA:100,4,1,0
BRF:10
BRH:7
end_of_record
TN:
SF:src\main\interface-adapters\repositories\AuditedVideoRepository.ts
FN:12,(anonymous_0)
FN:17,(anonymous_1)
FN:21,(anonymous_2)
FN:25,(anonymous_3)
FN:29,(anonymous_4)
FN:33,(anonymous_5)
FN:37,(anonymous_6)
FN:41,(anonymous_7)
FN:71,(anonymous_8)
FN:87,(anonymous_9)
FN:102,(anonymous_10)
FN:114,(anonymous_11)
FN:118,(anonymous_12)
FNF:13
FNH:10
FNDA:15,(anonymous_0)
FNDA:1,(anonymous_1)
FNDA:1,(anonymous_2)
FNDA:6,(anonymous_3)
FNDA:2,(anonymous_4)
FNDA:0,(anonymous_5)
FNDA:0,(anonymous_6)
FNDA:16,(anonymous_7)
FNDA:1,(anonymous_8)
FNDA:0,(anonymous_9)
FNDA:2,(anonymous_10)
FNDA:1,(anonymous_11)
FNDA:1,(anonymous_12)
DA:13,15
DA:14,15
DA:18,1
DA:22,1
DA:26,6
DA:30,2
DA:34,0
DA:38,0
DA:42,16
DA:43,16
DA:45,16
DA:46,16
DA:47,14
DA:55,2
DA:59,2
DA:60,1
DA:72,1
DA:73,1
DA:75,1
DA:88,0
DA:89,0
DA:91,0
DA:103,2
DA:105,2
DA:115,1
DA:119,1
DA:121,1
LF:27
LH:22
BRDA:46,0,0,14
BRDA:46,0,1,2
BRDA:59,1,0,1
BRDA:59,1,1,1
BRDA:80,2,0,1
BRDA:80,2,1,0
BRDA:81,3,0,1
BRDA:81,3,1,1
BRDA:96,4,0,0
BRDA:96,4,1,0
BRF:10
BRH:7
end_of_record
TN:
SF:src\main\interface-adapters\repositories\SqliteAuditLogRepository.ts
FN:9,mapRow
FN:14,(anonymous_1)
FN:16,(anonymous_2)
FN:29,(anonymous_3)
FN:39,(anonymous_4)
FNF:5
FNH:5
FNDA:56,mapRow
FNDA:54,(anonymous_1)
FNDA:93,(anonymous_2)
FNDA:32,(anonymous_3)
FNDA:5,(anonymous_4)
DA:10,56
DA:14,54
DA:17,93
DA:30,32
DA:40,5
LF:5
LH:5
BRF:0
BRH:0
end_of_record
TN:
SF:src\main\interface-adapters\repositories\SqliteCreatorRepository.ts
FN:24,mapRow
FN:29,(anonymous_1)
FN:31,(anonymous_2)
FN:35,(anonymous_3)
FN:45,(anonymous_4)
FN:50,(anonymous_5)
FN:55,(anonymous_6)
FN:64,(anonymous_7)
FN:99,(anonymous_8)
FN:107,(anonymous_9)
FN:111,(anonymous_10)
FNF:11
FNH:10
FNDA:65,mapRow
FNDA:133,(anonymous_1)
FNDA:5,(anonymous_2)
FNDA:2,(anonymous_3)
FNDA:26,(anonymous_4)
FNDA:4,(anonymous_5)
FNDA:0,(anonymous_6)
FNDA:333,(anonymous_7)
FNDA:7,(anonymous_8)
FNDA:6,(anonymous_9)
FNDA:9,(anonymous_10)
DA:13,11
DA:20,11
DA:25,65
DA:29,133
DA:32,5
DA:36,2
DA:46,26
DA:47,26
DA:51,4
DA:52,4
DA:56,0
DA:61,0
DA:65,333
DA:100,7
DA:108,6
DA:112,9
DA:113,9
DA:115,9
DA:116,1
DA:121,9
DA:122,9
DA:123,9
DA:124,9
DA:126,9
DA:132,9
DA:141,9
LF:26
LH:24
BRDA:47,0,0,8
BRDA:47,0,1,18
BRDA:52,1,0,2
BRDA:52,1,1,2
BRDA:61,2,0,0
BRDA:61,2,1,0
BRDA:112,3,0,1
BRDA:112,3,1,8
BRDA:112,4,0,9
BRDA:112,4,1,1
BRDA:115,5,0,1
BRDA:115,5,1,8
BRDA:122,6,0,9
BRDA:122,6,1,8
BRDA:122,7,0,9
BRDA:122,7,1,7
BRDA:123,8,0,1
BRDA:123,8,1,8
BRF:18
BRH:16
end_of_record
TN:
SF:src\main\interface-adapters\repositories\SqliteCutRepository.ts
FN:27,parseTags
FN:38,mapRowToCut
FN:66,(anonymous_2)
FN:68,(anonymous_3)
FN:72,(anonymous_4)
FN:82,(anonymous_5)
FN:87,(anonymous_6)
FN:97,(anonymous_7)
FN:107,(anonymous_8)
FN:117,(anonymous_9)
FN:121,(anonymous_10)
FN:160,(anonymous_11)
FN:205,(anonymous_12)
FN:213,(anonymous_13)
FN:221,(anonymous_14)
FN:225,(anonymous_15)
FN:239,(anonymous_16)
FN:259,(anonymous_17)
FNF:18
FNH:16
FNDA:86,parseTags
FNDA:86,mapRowToCut
FNDA:60,(anonymous_2)
FNDA:7,(anonymous_3)
FNDA:2,(anonymous_4)
FNDA:44,(anonymous_5)
FNDA:3,(anonymous_6)
FNDA:3,(anonymous_7)
FNDA:0,(anonymous_8)
FNDA:7,(anonymous_9)
FNDA:7,(anonymous_10)
FNDA:235,(anonymous_11)
FNDA:3,(anonymous_12)
FNDA:0,(anonymous_13)
FNDA:3,(anonymous_14)
FNDA:5,(anonymous_15)
FNDA:14,(anonymous_16)
FNDA:2,(anonymous_17)
DA:13,11
DA:23,11
DA:28,86
DA:29,86
DA:30,86
DA:31,86
DA:33,1
DA:57,86
DA:66,60
DA:69,7
DA:73,2
DA:83,44
DA:84,44
DA:88,3
DA:98,3
DA:108,0
DA:118,7
DA:120,6
DA:121,7
DA:125,6
DA:157,6
DA:161,235
DA:206,3
DA:214,0
DA:222,3
DA:228,5
DA:240,14
DA:241,14
DA:243,14
DA:244,1
DA:247,14
DA:248,1
DA:251,14
DA:252,2
DA:257,14
DA:259,2
DA:264,14
DA:265,14
DA:266,14
DA:267,14
DA:269,14
DA:275,14
DA:285,14
LF:43
LH:41
BRDA:28,0,0,0
BRDA:28,0,1,86
BRDA:31,1,0,85
BRDA:31,1,1,0
BRDA:84,2,0,23
BRDA:84,2,1,21
BRDA:118,3,0,1
BRDA:118,3,1,6
BRDA:240,4,0,1
BRDA:240,4,1,13
BRDA:240,5,0,14
BRDA:240,5,1,1
BRDA:243,6,0,1
BRDA:243,6,1,13
BRDA:247,7,0,1
BRDA:247,7,1,13
BRDA:251,8,0,2
BRDA:251,8,1,12
BRDA:257,9,0,2
BRDA:257,9,1,12
BRDA:257,10,0,14
BRDA:257,10,1,2
BRDA:264,11,0,2
BRDA:264,11,1,12
BRDA:265,12,0,14
BRDA:265,12,1,10
BRDA:265,13,0,14
BRDA:265,13,1,9
BRDA:266,14,0,2
BRDA:266,14,1,12
BRF:30
BRH:28
end_of_record
TN:
SF:src\main\interface-adapters\repositories\SqliteOperationRepository.ts
FN:8,(anonymous_0)
FN:10,(anonymous_1)
FN:26,(anonymous_2)
FN:31,(anonymous_3)
FN:40,(anonymous_4)
FN:56,(anonymous_5)
FN:63,mapRowToOperation
FNF:7
FNH:7
FNDA:20,(anonymous_0)
FNDA:25,(anonymous_1)
FNDA:17,(anonymous_2)
FNDA:8,(anonymous_3)
FNDA:8,(anonymous_4)
FNDA:3,(anonymous_5)
FNDA:24,mapRowToOperation
DA:8,20
DA:11,25
DA:27,17
DA:28,17
DA:32,8
DA:41,8
DA:42,8
DA:44,8
DA:57,3
DA:64,24
LF:10
LH:10
BRDA:28,0,0,16
BRDA:28,0,1,1
BRDA:42,1,0,8
BRDA:42,1,1,6
BRDA:42,1,2,5
BRDA:48,2,0,8
BRDA:48,2,1,7
BRDA:49,3,0,3
BRDA:49,3,1,5
BRDA:50,4,0,4
BRDA:50,4,1,4
BRF:11
BRH:11
end_of_record
TN:
SF:src\main\interface-adapters\repositories\SqliteSettingsRepository.ts
FN:7,(anonymous_0)
FN:9,(anonymous_1)
FN:14,(anonymous_2)
FN:28,(anonymous_3)
FNF:4
FNH:4
FNDA:13,(anonymous_0)
FNDA:8,(anonymous_1)
FNDA:13,(anonymous_2)
FNDA:3,(anonymous_3)
DA:7,13
DA:10,8
DA:11,8
DA:15,13
DA:29,3
DA:30,3
DA:31,3
DA:32,4
DA:34,3
LF:9
LH:9
BRDA:11,0,0,8
BRDA:11,0,1,1
BRF:2
BRH:2
end_of_record
TN:
SF:src\main\interface-adapters\repositories\SqliteVideoRepository.ts
FN:29,mapRow
FN:33,(anonymous_1)
FN:46,(anonymous_2)
FN:48,(anonymous_3)
FN:52,(anonymous_4)
FN:62,(anonymous_5)
FN:67,(anonymous_6)
FN:77,(anonymous_7)
FN:87,(anonymous_8)
FN:154,(anonymous_9)
FN:170,(anonymous_10)
FN:178,(anonymous_11)
FN:186,(anonymous_12)
FN:190,(anonymous_13)
FN:204,(anonymous_14)
FNF:15
FNH:11
FNDA:57,mapRow
FNDA:0,(anonymous_1)
FNDA:100,(anonymous_2)
FNDA:7,(anonymous_3)
FNDA:2,(anonymous_4)
FNDA:36,(anonymous_5)
FNDA:4,(anonymous_6)
FNDA:0,(anonymous_7)
FNDA:190,(anonymous_8)
FNDA:0,(anonymous_9)
FNDA:3,(anonymous_10)
FNDA:0,(anonymous_11)
FNDA:4,(anonymous_12)
FNDA:5,(anonymous_13)
FNDA:13,(anonymous_14)
DA:13,11
DA:25,11
DA:30,57
DA:31,57
DA:32,57
DA:33,57
DA:35,0
DA:37,57
DA:46,100
DA:49,7
DA:53,2
DA:63,36
DA:64,36
DA:68,4
DA:78,0
DA:88,190
DA:155,0
DA:171,3
DA:179,0
DA:187,4
DA:193,5
DA:205,13
DA:206,13
DA:208,13
DA:209,1
DA:212,13
DA:213,2
DA:218,13
DA:219,13
DA:220,13
DA:221,13
DA:223,13
DA:229,13
DA:238,13
LF:34
LH:30
BRDA:32,0,0,57
BRDA:32,0,1,0
BRDA:33,1,0,57
BRDA:33,1,1,0
BRDA:64,2,0,17
BRDA:64,2,1,19
BRDA:107,3,0,190
BRDA:107,3,1,0
BRDA:205,4,0,1
BRDA:205,4,1,12
BRDA:205,5,0,13
BRDA:205,5,1,1
BRDA:208,6,0,1
BRDA:208,6,1,12
BRDA:212,7,0,2
BRDA:212,7,1,11
BRDA:219,8,0,13
BRDA:219,8,1,8
BRDA:219,9,0,13
BRDA:219,9,1,7
BRDA:220,10,0,2
BRDA:220,10,1,11
BRF:22
BRH:19
end_of_record
TN:
SF:src\main\interface-adapters\repositories\diff-objects.ts
FN:6,diffObjects
FNF:1
FNH:1
FNDA:7,diffObjects
DA:10,7
DA:11,7
DA:12,119
DA:13,112
DA:14,4
DA:17,7
LF:6
LH:6
BRDA:12,0,0,7
BRDA:12,0,1,112
BRDA:13,1,0,4
BRDA:13,1,1,108
BRDA:17,2,0,4
BRDA:17,2,1,3
BRF:6
BRH:6
end_of_record
TN:
SF:src\main\interface-adapters\repositories\escape-like.ts
FN:5,escapeLike
FNF:1
FNH:1
FNDA:5,escapeLike
DA:6,5
LF:1
LH:1
BRF:0
BRH:0
end_of_record
TN:
SF:src\main\use-cases\DownloadVideo.ts
FN:30,(anonymous_0)
FN:43,(anonymous_1)
FN:67,(anonymous_2)
FN:68,(anonymous_3)
FN:73,(anonymous_4)
FN:79,(anonymous_5)
FN:100,(anonymous_6)
FN:163,(anonymous_7)
FNF:8
FNH:7
FNDA:31,(anonymous_0)
FNDA:28,(anonymous_1)
FNDA:24,(anonymous_2)
FNDA:0,(anonymous_3)
FNDA:1,(anonymous_4)
FNDA:24,(anonymous_5)
FNDA:18,(anonymous_6)
FNDA:23,(anonymous_7)
DA:31,31
DA:32,31
DA:33,31
DA:34,31
DA:35,31
DA:36,31
DA:37,31
DA:38,31
DA:39,31
DA:40,31
DA:44,28
DA:46,28
DA:47,2
DA:49,26
DA:50,2
DA:53,24
DA:56,24
DA:66,24
DA:67,24
DA:68,0
DA:70,24
DA:74,1
DA:84,24
DA:86,24
DA:87,23
DA:90,23
DA:93,23
DA:96,23
DA:97,23
DA:100,23
DA:101,18
DA:104,23
DA:110,20
DA:111,20
DA:139,24
DA:142,24
DA:145,4
DA:146,1
DA:150,3
DA:159,3
DA:164,23
DA:165,23
DA:166,18
DA:167,18
DA:181,18
DA:182,5
DA:183,1
DA:184,4
DA:186,1
LF:49
LH:48
BRDA:46,0,0,2
BRDA:46,0,1,26
BRDA:46,1,0,28
BRDA:46,1,1,27
BRDA:49,2,0,2
BRDA:49,2,1,24
BRDA:49,3,0,26
BRDA:49,3,1,25
BRDA:114,4,0,20
BRDA:114,4,1,2
BRDA:114,4,2,1
BRDA:116,5,0,24
BRDA:116,5,1,2
BRDA:116,5,2,0
BRDA:123,6,0,24
BRDA:123,6,1,20
BRDA:123,6,2,20
BRDA:130,7,0,24
BRDA:130,7,1,0
BRDA:145,8,0,1
BRDA:145,8,1,3
BRDA:145,9,0,4
BRDA:145,9,1,4
BRDA:165,10,0,18
BRDA:165,10,1,5
BRDA:172,11,0,18
BRDA:172,11,1,17
BRDA:173,12,0,18
BRDA:173,12,1,17
BRDA:174,13,0,18
BRDA:174,13,1,17
BRDA:182,14,0,1
BRDA:182,14,1,4
BRDA:184,15,0,1
BRDA:184,15,1,3
BRDA:184,16,0,4
BRDA:184,16,1,3
BRDA:189,17,0,1
BRDA:189,17,1,0
BRDA:190,18,0,1
BRDA:190,18,1,0
BRF:41
BRH:37
end_of_record
TN:
SF:src\main\use-cases\EnrichAllVideos.ts
FN:15,(anonymous_0)
FN:22,(anonymous_1)
FN:37,(anonymous_2)
FNF:3
FNH:3
FNDA:7,(anonymous_0)
FNDA:4,(anonymous_1)
FNDA:5,(anonymous_2)
DA:16,7
DA:17,7
DA:18,7
DA:19,7
DA:23,4
DA:24,4
DA:31,4
DA:32,6
DA:33,1
DA:34,1
DA:36,5
DA:37,5
DA:38,4
DA:40,1
DA:41,1
DA:45,4
DA:46,4
LF:17
LH:17
BRDA:32,0,0,1
BRDA:32,0,1,5
BRF:2
BRH:2
end_of_record
TN:
SF:src\main\use-cases\EnrichMediaMetadata.ts
FN:13,(anonymous_0)
FN:20,(anonymous_1)
FNF:2
FNH:2
FNDA:13,(anonymous_0)
FNDA:10,(anonymous_1)
DA:14,13
DA:15,13
DA:16,13
DA:17,13
DA:21,10
DA:24,10
DA:25,10
DA:28,10
DA:29,7
DA:30,6
DA:31,6
DA:32,4
DA:40,7
DA:42,2
DA:43,2
DA:48,10
DA:49,4
DA:50,3
DA:51,3
DA:52,2
DA:60,4
DA:62,1
DA:63,1
DA:68,10
DA:69,5
DA:72,10
LF:26
LH:26
BRDA:29,0,0,1
BRDA:29,0,1,6
BRDA:34,1,0,4
BRDA:34,1,1,1
BRDA:35,2,0,7
BRDA:35,2,1,1
BRDA:36,3,0,7
BRDA:36,3,1,1
BRDA:49,4,0,1
BRDA:49,4,1,3
BRDA:54,5,0,2
BRDA:54,5,1,0
BRDA:55,6,0,4
BRDA:55,6,1,0
BRDA:56,7,0,4
BRDA:56,7,1,0
BRDA:68,8,0,5
BRDA:68,8,1,5
BRDA:68,9,0,10
BRDA:68,9,1,6
BRF:20
BRH:17
end_of_record
TN:
SF:src\main\use-cases\FetchChannelInfo.ts
FN:16,(anonymous_0)
FN:21,(anonymous_1)
FNF:2
FNH:2
FNDA:10,(anonymous_0)
FNDA:7,(anonymous_1)
DA:17,10
DA:18,10
DA:22,7
DA:23,2
DA:26,5
DA:29,5
DA:33,7
DA:34,3
DA:37,5
DA:38,4
DA:48,5
LF:11
LH:11
BRDA:22,0,0,2
BRDA:22,0,1,5
BRDA:22,1,0,7
BRDA:22,1,1,6
BRDA:29,2,0,5
BRDA:29,2,1,0
BRDA:33,3,0,3
BRDA:33,3,1,4
BRDA:33,4,0,7
BRDA:33,4,1,3
BRDA:37,5,0,4
BRDA:37,5,1,1
BRDA:40,6,0,4
BRDA:40,6,1,0
BRDA:41,7,0,4
BRDA:41,7,1,0
BRDA:42,8,0,4
BRDA:42,8,1,1
BRDA:43,9,0,4
BRDA:43,9,1,4
BRDA:50,10,0,5
BRDA:50,10,1,1
BRF:22
BRH:19
end_of_record
TN:
SF:src\main\use-cases\FetchVideoDetail.ts
FN:19,(anonymous_0)
FN:26,(anonymous_1)
FNF:2
FNH:2
FNDA:8,(anonymous_0)
FNDA:5,(anonymous_1)
DA:20,8
DA:21,8
DA:22,8
DA:23,8
DA:27,5
DA:28,5
DA:29,1
DA:31,4
DA:32,1
DA:35,3
DA:38,3
DA:39,3
DA:40,3
DA:41,3
DA:42,3
DA:43,2
DA:44,1
DA:45,1
DA:49,1
DA:50,1
DA:53,3
DA:54,3
DA:70,5
LF:23
LH:23
BRDA:28,0,0,1
BRDA:28,0,1,4
BRDA:31,1,0,1
BRDA:31,1,1,3
BRDA:43,2,0,1
BRDA:43,2,1,1
BRDA:45,3,0,1
BRDA:45,3,1,0
BRDA:59,4,0,3
BRDA:59,4,1,2
BRDA:63,5,0,5
BRDA:63,5,1,2
BRF:12
BRH:11
end_of_record
TN:
SF:src\main\use-cases\FetchVideoInfo.ts
FN:16,(anonymous_0)
FN:18,(anonymous_1)
FNF:2
FNH:2
FNDA:7,(anonymous_0)
FNDA:4,(anonymous_1)
DA:16,7
DA:19,4
DA:20,2
DA:23,2
LF:4
LH:4
BRDA:19,0,0,2
BRDA:19,0,1,2
BRDA:19,1,0,4
BRDA:19,1,1,3
BRF:4
BRH:4
end_of_record
TN:
SF:src\main\use-cases\IEnrichAllVideos.ts
FNF:0
FNH:0
LF:0
LH:0
BRF:0
BRH:0
end_of_record
TN:
SF:src\main\use-cases\IEnrichMediaMetadata.ts
FNF:0
FNH:0
LF:0
LH:0
BRF:0
BRH:0
end_of_record
TN:
SF:src\main\use-cases\IFetchChannelInfo.ts
FNF:0
FNH:0
LF:0
LH:0
BRF:0
BRH:0
end_of_record
TN:
SF:src\main\use-cases\IFetchVideoDetail.ts
FNF:0
FNH:0
LF:0
LH:0
BRF:0
BRH:0
end_of_record
TN:
SF:src\main\use-cases\IMigrateRootFolder.ts
FNF:0
FNH:0
LF:0
LH:0
BRF:0
BRH:0
end_of_record
TN:
SF:src\main\use-cases\MigrateRootFolder.ts
FN:36,(anonymous_0)
FN:52,(anonymous_1)
FN:187,(anonymous_2)
FNF:3
FNH:3
FNDA:15,(anonymous_0)
FNDA:12,(anonymous_1)
FNDA:1,(anonymous_2)
DA:37,15
DA:38,15
DA:39,15
DA:40,15
DA:41,15
DA:42,15
DA:43,15
DA:44,15
DA:45,15
DA:46,15
DA:47,15
DA:48,15
DA:49,15
DA:53,12
DA:54,12
DA:55,1
DA:59,11
DA:60,1
DA:63,10
DA:64,1
DA:68,9
DA:69,8
DA:70,1
DA:78,1
DA:82,8
DA:83,8
DA:86,8
DA:87,8
DA:88,8
DA:96,8
DA:106,8
DA:109,8
DA:110,8
DA:111,15
DA:112,15
DA:113,15
DA:115,15
DA:122,15
DA:124,15
DA:125,15
DA:130,1
DA:132,1
DA:134,1
DA:138,7
DA:139,7
DA:145,7
DA:146,7
DA:147,7
DA:148,7
DA:152,1
DA:153,1
DA:154,1
DA:155,1
DA:156,1
DA:164,6
DA:167,6
DA:168,6
DA:171,6
DA:176,6
DA:178,6
DA:180,6
DA:192,1
DA:193,1
DA:194,1
DA:195,1
DA:196,1
DA:198,0
DA:202,1
DA:203,1
DA:204,1
LF:70
LH:69
BRDA:54,0,0,1
BRDA:54,0,1,11
BRDA:59,1,0,1
BRDA:59,1,1,10
BRDA:63,2,0,1
BRDA:63,2,1,9
BRDA:68,3,0,8
BRDA:68,3,1,1
BRDA:69,4,0,1
BRDA:69,4,1,7
BRDA:130,5,0,1
BRDA:130,5,1,0
BRDA:152,6,0,1
BRDA:152,6,1,0
BRF:14
BRH:12
end_of_record
TN:
SF:src\main\use-cases\ProbeMediaFile.ts
FN:15,(anonymous_0)
FN:17,(anonymous_1)
FNF:2
FNH:2
FNDA:8,(anonymous_0)
FNDA:5,(anonymous_1)
DA:15,8
DA:18,5
DA:19,2
DA:22,3
LF:4
LH:4
BRDA:18,0,0,2
BRDA:18,0,1,3
BRDA:18,1,0,5
BRDA:18,1,1,4
BRF:4
BRH:4
end_of_record
TN:
SF:src\main\use-cases\ProcessFileNotifications.ts
FN:19,mergeResults
FN:48,(anonymous_1)
FN:65,(anonymous_2)
FN:74,(anonymous_3)
FN:81,(anonymous_4)
FN:90,(anonymous_5)
FN:94,(anonymous_6)
FN:102,(anonymous_7)
FN:119,(anonymous_8)
FN:127,(anonymous_9)
FN:136,(anonymous_10)
FNF:11
FNH:9
FNDA:9,mergeResults
FNDA:27,(anonymous_1)
FNDA:7,(anonymous_2)
FNDA:4,(anonymous_3)
FNDA:5,(anonymous_4)
FNDA:25,(anonymous_5)
FNDA:14,(anonymous_6)
FNDA:14,(anonymous_7)
FNDA:0,(anonymous_8)
FNDA:0,(anonymous_9)
FNDA:10,(anonymous_10)
DA:8,2
DA:9,2
DA:20,9
DA:45,27
DA:46,27
DA:49,27
DA:50,27
DA:51,27
DA:52,27
DA:53,27
DA:54,27
DA:58,27
DA:66,7
DA:67,7
DA:76,4
DA:77,4
DA:82,5
DA:91,25
DA:92,23
DA:93,23
DA:94,22
DA:103,14
DA:104,14
DA:105,14
DA:106,14
DA:108,14
DA:110,12
DA:111,2
DA:113,10
DA:116,11
DA:119,11
DA:121,1
DA:123,14
DA:126,14
DA:127,1
DA:137,10
DA:139,10
DA:140,20
DA:141,20
DA:142,16
DA:146,10
DA:158,10
DA:159,9
DA:160,9
DA:163,10
LF:45
LH:45
BRDA:54,0,0,27
BRDA:91,1,0,2
BRDA:91,1,1,23
BRDA:93,2,0,22
BRDA:93,2,1,1
BRDA:108,3,0,2
BRDA:108,3,1,12
BRDA:110,4,0,2
BRDA:110,4,1,10
BRDA:126,5,0,1
BRDA:126,5,1,13
BRDA:141,6,0,16
BRDA:141,6,1,4
BRF:13
BRH:13
end_of_record
TN:
SF:src\main\use-cases\ReconcileDirectory.ts
FN:30,emptyResult
FN:54,(anonymous_1)
FN:63,(anonymous_2)
FN:64,(anonymous_3)
FN:67,(anonymous_4)
FN:68,(anonymous_5)
FN:73,(anonymous_6)
FN:80,(anonymous_7)
FN:139,(anonymous_8)
FN:197,(anonymous_9)
FN:227,(anonymous_10)
FN:245,(anonymous_11)
FN:255,(anonymous_12)
FN:256,(anonymous_13)
FN:293,(anonymous_14)
FN:322,(anonymous_15)
FN:340,(anonymous_16)
FN:350,(anonymous_17)
FN:351,(anonymous_18)
FN:379,(anonymous_19)
FNF:20
FNH:20
FNDA:45,emptyResult
FNDA:48,(anonymous_1)
FNDA:35,(anonymous_2)
FNDA:35,(anonymous_3)
FNDA:10,(anonymous_4)
FNDA:10,(anonymous_5)
FNDA:35,(anonymous_6)
FNDA:26,(anonymous_7)
FNDA:10,(anonymous_8)
FNDA:23,(anonymous_9)
FNDA:12,(anonymous_10)
FNDA:7,(anonymous_11)
FNDA:6,(anonymous_12)
FNDA:8,(anonymous_13)
FNDA:23,(anonymous_14)
FNDA:12,(anonymous_15)
FNDA:5,(anonymous_16)
FNDA:4,(anonymous_17)
FNDA:5,(anonymous_18)
FNDA:5,(anonymous_19)
DA:31,45
DA:55,48
DA:56,48
DA:57,48
DA:58,48
DA:59,48
DA:60,48
DA:64,35
DA:68,10
DA:74,35
DA:77,35
DA:78,35
DA:80,35
DA:83,35
DA:84,26
DA:86,24
DA:88,21
DA:89,2
DA:90,2
DA:92,21
DA:93,21
DA:96,3
DA:97,2
DA:98,2
DA:99,2
DA:105,35
DA:106,31
DA:108,10
DA:109,10
DA:113,10
DA:114,10
DA:128,31
DA:129,31
DA:132,31
DA:133,31
DA:136,35
DA:140,10
DA:142,10
DA:143,10
DA:144,10
DA:146,10
DA:147,6
DA:149,5
DA:151,2
DA:152,1
DA:153,1
DA:155,2
DA:156,2
DA:159,3
DA:160,3
DA:161,3
DA:162,3
DA:165,4
DA:167,2
DA:170,2
DA:171,2
DA:185,2
DA:186,2
DA:188,2
DA:189,2
DA:192,9
DA:198,23
DA:199,23
DA:202,23
DA:204,23
DA:205,4
DA:207,3
DA:208,1
DA:209,1
DA:210,1
DA:212,1
DA:214,2
DA:215,1
DA:216,1
DA:222,23
DA:223,7
DA:228,12
DA:229,12
DA:231,12
DA:233,2
DA:234,2
DA:235,2
DA:236,1
DA:237,1
DA:239,2
DA:241,0
DA:251,7
DA:252,7
DA:253,7
DA:255,7
DA:256,8
DA:258,7
DA:259,7
DA:287,7
DA:288,7
DA:294,23
DA:295,23
DA:298,23
DA:300,23
DA:301,3
DA:303,2
DA:304,1
DA:305,1
DA:306,1
DA:308,1
DA:310,1
DA:311,0
DA:312,0
DA:317,23
DA:318,5
DA:323,12
DA:324,12
DA:326,12
DA:328,2
DA:329,2
DA:330,2
DA:331,1
DA:332,1
DA:334,2
DA:336,0
DA:346,5
DA:347,5
DA:348,5
DA:350,5
DA:351,5
DA:353,5
DA:354,5
DA:373,5
DA:374,5
DA:380,5
DA:381,5
DA:382,5
DA:383,3
DA:384,3
DA:387,5
DA:388,5
DA:389,2
DA:390,2
DA:391,2
LF:139
LH:135
BRDA:84,0,0,2
BRDA:84,0,1,24
BRDA:86,1,0,21
BRDA:86,1,1,3
BRDA:88,2,0,2
BRDA:88,2,1,19
BRDA:96,3,0,2
BRDA:96,3,1,1
BRDA:106,4,0,21
BRDA:106,4,1,10
BRDA:117,5,0,10
BRDA:117,5,1,6
BRDA:118,6,0,31
BRDA:118,6,1,9
BRDA:119,7,0,31
BRDA:119,7,1,9
BRDA:120,8,0,31
BRDA:120,8,1,9
BRDA:146,9,0,6
BRDA:146,9,1,4
BRDA:147,10,0,1
BRDA:147,10,1,5
BRDA:149,11,0,2
BRDA:149,11,1,3
BRDA:151,12,0,1
BRDA:151,12,1,1
BRDA:159,13,0,3
BRDA:159,13,1,0
BRDA:165,14,0,2
BRDA:165,14,1,2
BRDA:174,15,0,2
BRDA:174,15,1,1
BRDA:175,16,0,2
BRDA:175,16,1,2
BRDA:176,17,0,2
BRDA:176,17,1,2
BRDA:177,18,0,2
BRDA:177,18,1,2
BRDA:205,19,0,1
BRDA:205,19,1,3
BRDA:207,20,0,1
BRDA:207,20,1,2
BRDA:208,21,0,1
BRDA:208,21,1,0
BRDA:214,22,0,1
BRDA:214,22,1,1
BRDA:234,23,0,2
BRDA:234,23,1,0
BRDA:235,24,0,1
BRDA:235,24,1,1
BRDA:255,25,0,7
BRDA:255,25,1,3
BRDA:256,26,0,7
BRDA:256,26,1,5
BRDA:262,27,0,7
BRDA:262,27,1,6
BRDA:263,28,0,7
BRDA:263,28,1,5
BRDA:264,29,0,7
BRDA:264,29,1,7
BRDA:267,30,0,4
BRDA:267,30,1,3
BRDA:268,31,0,2
BRDA:268,31,1,5
BRDA:269,32,0,7
BRDA:269,32,1,7
BRDA:301,33,0,1
BRDA:301,33,1,2
BRDA:303,34,0,1
BRDA:303,34,1,1
BRDA:304,35,0,1
BRDA:304,35,1,0
BRDA:310,36,0,0
BRDA:310,36,1,1
BRDA:329,37,0,2
BRDA:329,37,1,0
BRDA:330,38,0,1
BRDA:330,38,1,1
BRDA:350,39,0,5
BRDA:350,39,1,1
BRDA:351,40,0,5
BRDA:351,40,1,4
BRDA:358,41,0,5
BRDA:358,41,1,4
BRDA:359,42,0,5
BRDA:359,42,1,4
BRDA:360,43,0,5
BRDA:360,43,1,3
BRDA:361,44,0,5
BRDA:361,44,1,5
BRDA:365,45,0,4
BRDA:365,45,1,1
BRDA:366,46,0,1
BRDA:366,46,1,4
BRDA:382,47,0,2
BRDA:382,47,1,3
BRDA:382,48,0,5
BRDA:382,48,1,4
BRDA:389,49,0,0
BRDA:389,49,1,2
BRDA:389,50,0,2
BRDA:389,50,1,2
BRF:102
BRH:95
end_of_record
TN:
SF:src\main\use-cases\RecoverOperations.ts
FN:19,(anonymous_0)
FN:24,(anonymous_1)
FN:48,(anonymous_2)
FN:63,(anonymous_3)
FN:94,(anonymous_4)
FN:100,(anonymous_5)
FN:106,(anonymous_6)
FNF:7
FNH:7
FNDA:12,(anonymous_0)
FNDA:9,(anonymous_1)
FNDA:10,(anonymous_2)
FNDA:6,(anonymous_3)
FNDA:2,(anonymous_4)
FNDA:2,(anonymous_5)
FNDA:8,(anonymous_6)
DA:20,12
DA:21,12
DA:25,9
DA:26,9
DA:27,9
DA:29,9
DA:30,9
DA:32,9
DA:33,10
DA:34,10
DA:35,2
DA:37,8
DA:41,9
DA:49,10
DA:51,6
DA:53,2
DA:55,2
DA:58,0
DA:59,0
DA:64,6
DA:65,6
DA:66,6
DA:68,6
DA:69,1
DA:70,1
DA:74,4
DA:75,2
DA:76,2
DA:80,2
DA:81,1
DA:82,1
DA:86,1
DA:87,1
DA:89,1
DA:90,1
DA:96,2
DA:97,2
DA:102,2
DA:103,2
DA:107,8
LF:40
LH:38
BRDA:34,0,0,2
BRDA:34,0,1,8
BRDA:49,1,0,6
BRDA:49,1,1,2
BRDA:49,1,2,2
BRDA:49,1,3,0
BRDA:68,2,0,1
BRDA:68,2,1,5
BRDA:68,3,0,6
BRDA:68,3,1,4
BRDA:74,4,0,2
BRDA:74,4,1,2
BRDA:80,5,0,1
BRDA:80,5,1,1
BRF:14
BRH:13
end_of_record
TN:
SF:src\renderer\components\theme-provider.tsx
FN:18,(anonymous_0)
FN:23,ThemeProvider
FN:30,(anonymous_2)
FN:33,(anonymous_3)
FN:52,(anonymous_4)
FN:65,(anonymous_5)
FNF:6
FNH:0
FNDA:0,(anonymous_0)
FNDA:0,ThemeProvider
FNDA:0,(anonymous_2)
FNDA:0,(anonymous_3)
FNDA:0,(anonymous_4)
FNDA:0,(anonymous_5)
DA:16,0
DA:18,0
DA:21,0
DA:29,0
DA:30,0
DA:33,0
DA:34,0
DA:36,0
DA:38,0
DA:39,0
DA:43,0
DA:44,0
DA:47,0
DA:50,0
DA:53,0
DA:54,0
DA:58,0
DA:65,0
DA:66,0
DA:68,0
DA:70,0
LF:21
LH:0
BRDA:25,0,0,0
BRDA:26,1,0,0
BRDA:30,2,0,0
BRDA:30,2,1,0
BRDA:38,3,0,0
BRDA:38,3,1,0
BRDA:39,4,0,0
BRDA:39,4,1,0
BRDA:68,5,0,0
BRDA:68,5,1,0
BRF:10
BRH:0
end_of_record
TN:
SF:src\renderer\components\features\creators\CreatorCard.tsx
FN:14,CreatorCard
FN:17,(anonymous_1)
FNF:2
FNH:2
FNDA:6,CreatorCard
FNDA:10,(anonymous_1)
DA:15,6
DA:17,10
DA:22,6
LF:3
LH:3
BRDA:26,0,0,6
BRDA:26,0,1,1
BRDA:34,1,0,6
BRDA:34,1,1,6
BRDA:34,1,2,6
BRF:5
BRH:5
end_of_record
TN:
SF:src\renderer\components\features\creators\CreatorFilters.tsx
FN:31,CreatorFilters
FN:55,(anonymous_1)
FN:60,(anonymous_2)
FN:72,(anonymous_3)
FNF:4
FNH:3
FNDA:3,CreatorFilters
FNDA:1,(anonymous_1)
FNDA:0,(anonymous_2)
FNDA:12,(anonymous_3)
DA:24,1
DA:38,3
DA:44,3
DA:55,1
DA:61,0
DA:62,0
DA:64,0
DA:73,12
LF:8
LH:5
BRDA:38,0,0,3
BRDA:38,0,1,0
BRDA:38,1,0,3
BRDA:38,1,1,0
BRDA:38,1,2,0
BRDA:40,2,0,0
BRDA:40,2,1,0
BRDA:42,3,0,0
BRDA:42,3,1,0
BRDA:61,4,0,0
BRDA:61,4,1,0
BRF:11
BRH:2
end_of_record
TN:
SF:src\renderer\components\features\creators\CreatorGrid.tsx
FN:8,CreatorGrid
FNF:1
FNH:0
FNDA:0,CreatorGrid
DA:9,0
LF:1
LH:0
BRF:0
BRH:0
end_of_record
TN:
SF:src\renderer\components\features\creators\CreatorHeader.tsx
FN:11,CreatorHeader
FN:14,(anonymous_1)
FNF:2
FNH:2
FNDA:4,CreatorHeader
FNDA:7,(anonymous_1)
DA:12,4
DA:14,7
DA:19,4
LF:3
LH:3
BRDA:24,0,0,4
BRDA:24,0,1,4
BRDA:24,0,2,4
BRF:3
BRH:3
end_of_record
TN:
SF:src\renderer\components\features\downloads\ActiveDownloadsList.tsx
FN:8,ActiveDownloadsList
FN:9,(anonymous_1)
FN:29,(anonymous_2)
FN:33,(anonymous_3)
FNF:4
FNH:0
FNDA:0,ActiveDownloadsList
FNDA:0,(anonymous_1)
FNDA:0,(anonymous_2)
FNDA:0,(anonymous_3)
DA:9,0
DA:10,0
DA:11,0
DA:13,0
DA:14,0
DA:27,0
DA:30,0
DA:33,0
LF:8
LH:0
BRDA:13,0,0,0
BRDA:13,0,1,0
BRF:2
BRH:0
end_of_record
TN:
SF:src\renderer\components\features\downloads\CreatorSelector.tsx
FN:13,CreatorSelector
FN:21,(anonymous_1)
FNF:2
FNH:2
FNDA:4,CreatorSelector
FNDA:1,(anonymous_1)
DA:14,4
DA:21,1
LF:2
LH:2
BRF:0
BRH:0
end_of_record
TN:
SF:src\renderer\components\features\downloads\DownloadProgressCard.tsx
FN:13,DownloadProgressCard
FN:37,(anonymous_1)
FNF:2
FNH:2
FNDA:10,DownloadProgressCard
FNDA:1,(anonymous_1)
DA:15,10
DA:17,10
DA:37,1
LF:3
LH:3
BRDA:15,0,0,10
BRDA:15,0,1,9
BRDA:15,0,2,8
BRDA:23,1,0,1
BRDA:23,1,1,9
BRDA:31,2,0,10
BRDA:31,2,1,10
BRDA:32,3,0,10
BRDA:32,3,1,10
BRDA:35,4,0,10
BRDA:35,4,1,7
BRF:11
BRH:11
end_of_record
TN:
SF:src\renderer\components\features\downloads\UrlInput.tsx
FN:25,UrlInput
FN:35,(anonymous_1)
FNF:2
FNH:2
FNDA:10,UrlInput
FNDA:1,(anonymous_1)
DA:14,1
DA:30,10
DA:34,10
DA:35,1
LF:4
LH:4
BRDA:52,0,0,10
BRDA:52,0,1,2
BRF:2
BRH:2
end_of_record
TN:
SF:src\renderer\components\features\downloads\VideoInfoPreview.tsx
FN:11,VideoInfoPreview
FNF:1
FNH:1
FNDA:7,VideoInfoPreview
DA:12,7
LF:1
LH:1
BRDA:19,0,0,7
BRDA:19,0,1,6
BRDA:29,1,0,7
BRDA:29,1,1,6
BRDA:40,2,0,7
BRDA:40,2,1,6
BRF:6
BRH:6
end_of_record
TN:
SF:src\renderer\components\features\layout\AppSidebar.tsx
FN:22,AppSidebar
FN:39,(anonymous_1)
FNF:2
FNH:0
FNDA:0,AppSidebar
FNDA:0,(anonymous_1)
DA:15,0
DA:23,0
DA:24,0
DA:26,0
DA:41,0
DA:45,0
LF:6
LH:0
BRDA:41,0,0,0
BRDA:41,0,1,0
BRDA:42,1,0,0
BRDA:42,1,1,0
BRF:4
BRH:0
end_of_record
TN:
SF:src\renderer\components\features\settings\EnrichVideosButton.tsx
FN:10,EnrichVideosButton
FN:14,(anonymous_1)
FN:17,(anonymous_2)
FN:21,(anonymous_3)
FN:59,Stat
FNF:5
FNH:0
FNDA:0,EnrichVideosButton
FNDA:0,(anonymous_1)
FNDA:0,(anonymous_2)
FNDA:0,(anonymous_3)
FNDA:0,Stat
DA:11,0
DA:12,0
DA:14,0
DA:15,0
DA:16,0
DA:18,0
DA:19,0
DA:21,0
DA:25,0
DA:60,0
LF:10
LH:0
BRDA:27,0,0,0
BRDA:27,0,1,0
BRDA:28,1,0,0
BRDA:28,1,1,0
BRDA:40,2,0,0
BRDA:40,2,1,0
BRF:6
BRH:0
end_of_record
TN:
SF:src\renderer\components\features\settings\MigrateRootButton.tsx
FN:29,MigrateRootButton
FN:30,(anonymous_1)
FN:37,(anonymous_2)
FN:45,(anonymous_3)
FN:49,(anonymous_4)
FN:56,(anonymous_5)
FN:60,(anonymous_6)
FN:67,(anonymous_7)
FNF:8
FNH:3
FNDA:6,MigrateRootButton
FNDA:18,(anonymous_1)
FNDA:3,(anonymous_2)
FNDA:0,(anonymous_3)
FNDA:0,(anonymous_4)
FNDA:0,(anonymous_5)
FNDA:0,(anonymous_6)
FNDA:0,(anonymous_7)
DA:30,18
DA:31,6
DA:33,6
DA:34,6
DA:35,6
DA:37,6
DA:38,3
DA:39,3
DA:40,1
DA:41,1
DA:45,6
DA:46,0
DA:47,0
DA:48,0
DA:50,0
DA:56,6
DA:57,0
DA:58,0
DA:59,0
DA:61,0
DA:67,6
DA:68,0
DA:69,0
DA:72,6
DA:73,6
DA:74,6
DA:75,6
DA:77,6
LF:28
LH:18
BRDA:39,0,0,1
BRDA:39,0,1,2
BRDA:47,1,0,0
BRDA:47,1,1,0
BRDA:58,2,0,0
BRDA:58,2,1,0
BRDA:74,3,0,6
BRDA:74,3,1,6
BRDA:74,3,2,0
BRDA:75,4,0,6
BRDA:75,4,1,6
BRDA:75,4,2,6
BRDA:79,5,0,6
BRDA:79,5,1,5
BRDA:96,6,0,6
BRDA:96,6,1,0
BRDA:115,7,0,0
BRDA:115,7,1,6
BRDA:122,8,0,0
BRDA:122,8,1,0
BRDA:123,9,0,0
BRDA:123,9,1,0
BRDA:126,10,0,0
BRDA:126,10,1,6
BRDA:137,11,0,6
BRDA:137,11,1,0
BRDA:142,12,0,0
BRDA:142,12,1,6
BRF:28
BRH:14
end_of_record
TN:
SF:src\renderer\components\features\settings\ReconcileButton.tsx
FN:11,ReconcileButton
FN:15,(anonymous_1)
FN:18,(anonymous_2)
FN:22,(anonymous_3)
FN:56,(anonymous_4)
FNF:5
FNH:0
FNDA:0,ReconcileButton
FNDA:0,(anonymous_1)
FNDA:0,(anonymous_2)
FNDA:0,(anonymous_3)
FNDA:0,(anonymous_4)
DA:12,0
DA:13,0
DA:15,0
DA:16,0
DA:17,0
DA:19,0
DA:20,0
DA:22,0
DA:26,0
DA:57,0
LF:10
LH:0
BRDA:28,0,0,0
BRDA:28,0,1,0
BRDA:29,1,0,0
BRDA:29,1,1,0
BRDA:37,2,0,0
BRDA:37,2,1,0
BRF:6
BRH:0
end_of_record
TN:
SF:src\renderer\components\features\settings\RootPathDisplay.tsx
FN:14,RootPathDisplay
FNF:1
FNH:1
FNDA:5,RootPathDisplay
DA:15,5
LF:1
LH:1
BRDA:24,0,0,5
BRDA:24,0,1,2
BRF:2
BRH:2
end_of_record
TN:
SF:src\renderer\components\shared\BlockingOperationDialog.tsx
FN:25,BlockingOperationDialog
FN:26,(anonymous_1)
FN:40,(anonymous_2)
FN:41,(anonymous_3)
FNF:4
FNH:2
FNDA:6,BlockingOperationDialog
FNDA:18,(anonymous_1)
FNDA:0,(anonymous_2)
FNDA:0,(anonymous_3)
DA:13,1
DA:26,18
DA:28,6
DA:30,5
DA:32,5
DA:36,6
DA:40,0
DA:41,0
LF:8
LH:6
BRDA:28,0,0,1
BRDA:28,0,1,5
BRDA:32,1,0,3
BRDA:32,1,1,2
BRDA:32,2,0,5
BRDA:32,2,1,3
BRDA:48,3,0,6
BRDA:48,3,1,1
BRDA:51,4,0,6
BRDA:51,4,1,3
BRDA:55,5,0,3
BRDA:55,5,1,0
BRDA:57,6,0,3
BRDA:57,6,1,3
BRDA:64,7,0,3
BRDA:64,7,1,3
BRDA:66,8,0,3
BRDA:66,8,1,1
BRF:18
BRH:17
end_of_record
TN:
SF:src\renderer\components\shared\EntityContextMenu.tsx
FN:17,EntityContextMenu
FNF:1
FNH:0
FNDA:0,EntityContextMenu
DA:23,0
LF:1
LH:0
BRDA:27,0,0,0
BRDA:27,0,1,0
BRDA:33,1,0,0
BRDA:33,1,1,0
BRF:4
BRH:0
end_of_record
TN:
SF:src\renderer\components\shared\MediaCard.tsx
FN:24,MediaCard
FN:72,(anonymous_1)
FNF:2
FNH:2
FNDA:10,MediaCard
FNDA:20,(anonymous_1)
DA:36,10
DA:39,10
DA:72,20
DA:78,10
DA:85,1
LF:5
LH:5
BRDA:42,0,0,10
BRDA:42,0,1,0
BRDA:48,1,0,1
BRDA:48,1,1,9
BRDA:55,2,0,10
BRDA:55,2,1,9
BRDA:60,3,0,10
BRDA:60,3,1,0
BRDA:72,4,0,10
BRDA:72,4,1,1
BRDA:72,5,0,20
BRDA:72,5,1,19
BRDA:78,6,0,1
BRDA:78,6,1,9
BRF:14
BRH:12
end_of_record
TN:
SF:src\renderer\components\shared\MediaGrid.tsx
FN:8,MediaGrid
FNF:1
FNH:1
FNDA:3,MediaGrid
DA:9,3
LF:1
LH:1
BRF:0
BRH:0
end_of_record
TN:
SF:src\renderer\components\shared\PageContainer.tsx
FN:22,PageContainer
FNF:1
FNH:1
FNDA:4,PageContainer
DA:23,4
LF:1
LH:1
BRF:0
BRH:0
end_of_record
TN:
SF:src\renderer\components\shared\PageHeader.tsx
FN:15,PageHeader
FNF:1
FNH:1
FNDA:5,PageHeader
DA:16,5
LF:1
LH:1
BRDA:20,0,0,5
BRDA:20,0,1,1
BRDA:22,1,0,5
BRDA:22,1,1,1
BRF:4
BRH:4
end_of_record
TN:
SF:src\renderer\components\shared\PaginationControls.tsx
FN:22,PaginationControls
FN:23,(anonymous_1)
FN:46,(anonymous_2)
FN:52,(anonymous_3)
FN:61,(anonymous_4)
FN:72,(anonymous_5)
FNF:6
FNH:6
FNDA:9,PaginationControls
FNDA:9,(anonymous_1)
FNDA:1,(anonymous_2)
FNDA:35,(anonymous_3)
FNDA:1,(anonymous_4)
FNDA:1,(anonymous_5)
DA:23,9
DA:24,9
DA:25,9
DA:26,29
DA:28,1
DA:29,1
DA:30,1
DA:31,1
DA:32,3
DA:33,1
DA:34,1
DA:36,9
DA:39,9
DA:41,7
DA:46,1
DA:53,35
DA:61,1
DA:72,1
LF:18
LH:18
BRDA:25,0,0,8
BRDA:25,0,1,1
BRDA:29,1,0,1
BRDA:29,1,1,0
BRDA:33,2,0,1
BRDA:33,2,1,0
BRDA:39,3,0,2
BRDA:39,3,1,7
BRDA:48,4,0,3
BRDA:48,4,1,4
BRDA:53,5,0,2
BRDA:53,5,1,33
BRDA:74,6,0,1
BRDA:74,6,1,6
BRF:14
BRH:12
end_of_record
TN:
SF:src\renderer\components\shared\ResponsiveGrid.tsx
FN:27,ResponsiveGrid
FNF:1
FNH:1
FNDA:6,ResponsiveGrid
DA:4,1
DA:28,6
LF:2
LH:2
BRF:0
BRH:0
end_of_record
TN:
SF:src\renderer\components\shared\StatusBadge.tsx
FN:19,StatusBadge
FNF:1
FNH:1
FNDA:23,StatusBadge
DA:8,4
DA:20,23
DA:21,23
LF:3
LH:3
BRF:0
BRH:0
end_of_record
TN:
SF:src\renderer\components\shared\index.ts
FNF:0
FNH:0
LF:0
LH:0
BRF:0
BRH:0
end_of_record
TN:
SF:src\renderer\hooks\use-app-store.ts
FN:32,(anonymous_0)
FN:36,(anonymous_1)
FN:37,(anonymous_2)
FN:41,(anonymous_3)
FN:42,(anonymous_4)
FN:47,(anonymous_5)
FN:49,(anonymous_6)
FN:52,(anonymous_7)
FN:53,(anonymous_8)
FN:57,(anonymous_9)
FNF:10
FNH:10
FNDA:3,(anonymous_0)
FNDA:10,(anonymous_1)
FNDA:10,(anonymous_2)
FNDA:2,(anonymous_3)
FNDA:2,(anonymous_4)
FNDA:1,(anonymous_5)
FNDA:3,(anonymous_6)
FNDA:2,(anonymous_7)
FNDA:2,(anonymous_8)
FNDA:1,(anonymous_9)
DA:32,3
DA:37,10
DA:42,2
DA:43,2
DA:44,2
DA:47,1
DA:50,3
DA:53,2
DA:57,1
LF:9
LH:9
BRDA:54,0,0,1
BRDA:54,0,1,1
BRF:2
BRH:2
end_of_record
TN:
SF:src\renderer\hooks\use-audit-log.ts
FN:4,useAuditLogRecent
FN:7,(anonymous_1)
FN:11,useAuditLogByEntity
FN:14,(anonymous_3)
FNF:4
FNH:0
FNDA:0,useAuditLogRecent
FNDA:0,(anonymous_1)
FNDA:0,useAuditLogByEntity
FNDA:0,(anonymous_3)
DA:5,0
DA:7,0
DA:12,0
DA:14,0
LF:4
LH:0
BRDA:4,0,0,0
BRDA:15,1,0,0
BRDA:15,1,1,0
BRF:3
BRH:0
end_of_record
TN:
SF:src\renderer\hooks\use-creators.ts
FN:5,useCreatorsPaginated
FN:8,(anonymous_1)
FN:12,useCreatorById
FN:15,(anonymous_3)
FN:20,useDeleteCreator
FN:23,(anonymous_5)
FN:24,(anonymous_6)
FN:28,useRestoreCreator
FN:31,(anonymous_8)
FN:32,(anonymous_9)
FNF:10
FNH:0
FNDA:0,useCreatorsPaginated
FNDA:0,(anonymous_1)
FNDA:0,useCreatorById
FNDA:0,(anonymous_3)
FNDA:0,useDeleteCreator
FNDA:0,(anonymous_5)
FNDA:0,(anonymous_6)
FNDA:0,useRestoreCreator
FNDA:0,(anonymous_8)
FNDA:0,(anonymous_9)
DA:6,0
DA:8,0
DA:13,0
DA:15,0
DA:21,0
DA:22,0
DA:23,0
DA:24,0
DA:29,0
DA:30,0
DA:31,0
DA:32,0
LF:12
LH:0
BRF:0
BRH:0
end_of_record
TN:
SF:src\renderer\hooks\use-cuts.ts
FN:5,useCutsPaginated
FN:8,(anonymous_1)
FN:12,useCutById
FN:15,(anonymous_3)
FN:20,useCutsByTags
FN:23,(anonymous_5)
FN:28,useDeleteCut
FN:31,(anonymous_7)
FN:32,(anonymous_8)
FN:36,useRestoreCut
FN:39,(anonymous_10)
FN:40,(anonymous_11)
FNF:12
FNH:0
FNDA:0,useCutsPaginated
FNDA:0,(anonymous_1)
FNDA:0,useCutById
FNDA:0,(anonymous_3)
FNDA:0,useCutsByTags
FNDA:0,(anonymous_5)
FNDA:0,useDeleteCut
FNDA:0,(anonymous_7)
FNDA:0,(anonymous_8)
FNDA:0,useRestoreCut
FNDA:0,(anonymous_10)
FNDA:0,(anonymous_11)
DA:6,0
DA:8,0
DA:13,0
DA:15,0
DA:21,0
DA:23,0
DA:29,0
DA:30,0
DA:31,0
DA:32,0
DA:37,0
DA:38,0
DA:39,0
DA:40,0
LF:14
LH:0
BRF:0
BRH:0
end_of_record
TN:
SF:src\renderer\hooks\use-db-listener.ts
FN:10,useDbListener
FN:13,(anonymous_1)
FN:14,(anonymous_2)
FNF:3
FNH:0
FNDA:0,useDbListener
FNDA:0,(anonymous_1)
FNDA:0,(anonymous_2)
DA:11,0
DA:13,0
DA:14,0
DA:15,0
DA:17,0
LF:5
LH:0
BRF:0
BRH:0
end_of_record
TN:
SF:src\renderer\hooks\use-downloads.ts
FN:6,useFetchVideoInfo
FN:8,(anonymous_1)
FN:12,useDownloadVideo
FN:14,(anonymous_3)
FN:19,useCancelDownload
FN:21,(anonymous_5)
FN:29,useDownloadProgressListener
FN:30,(anonymous_7)
FN:31,(anonymous_8)
FN:33,(anonymous_9)
FN:34,(anonymous_10)
FN:38,(anonymous_11)
FNF:12
FNH:0
FNDA:0,useFetchVideoInfo
FNDA:0,(anonymous_1)
FNDA:0,useDownloadVideo
FNDA:0,(anonymous_3)
FNDA:0,useCancelDownload
FNDA:0,(anonymous_5)
FNDA:0,useDownloadProgressListener
FNDA:0,(anonymous_7)
FNDA:0,(anonymous_8)
FNDA:0,(anonymous_9)
FNDA:0,(anonymous_10)
FNDA:0,(anonymous_11)
DA:7,0
DA:8,0
DA:13,0
DA:15,0
DA:20,0
DA:21,0
DA:30,0
DA:31,0
DA:33,0
DA:34,0
DA:35,0
DA:37,0
DA:38,0
DA:40,0
DA:43,0
LF:15
LH:0
BRDA:35,0,0,0
BRDA:35,0,1,0
BRDA:35,1,0,0
BRDA:35,1,1,0
BRDA:35,1,2,0
BRF:5
BRH:0
end_of_record
TN:
SF:src\renderer\hooks\use-migrate-root.ts
FN:14,useMigrateRoot
FN:15,(anonymous_1)
FN:16,(anonymous_2)
FN:17,(anonymous_3)
FN:21,(anonymous_4)
FN:22,(anonymous_5)
FN:28,(anonymous_6)
FN:32,(anonymous_7)
FN:41,(anonymous_8)
FN:46,(anonymous_9)
FNF:10
FNH:6
FNDA:6,useMigrateRoot
FNDA:18,(anonymous_1)
FNDA:18,(anonymous_2)
FNDA:18,(anonymous_3)
FNDA:5,(anonymous_4)
FNDA:0,(anonymous_5)
FNDA:0,(anonymous_6)
FNDA:0,(anonymous_7)
FNDA:0,(anonymous_8)
FNDA:3,(anonymous_9)
DA:15,18
DA:16,18
DA:17,18
DA:18,6
DA:21,6
DA:22,5
DA:23,0
DA:27,6
DA:29,0
DA:30,0
DA:33,0
DA:34,0
DA:35,0
DA:36,0
DA:37,0
DA:38,0
DA:42,0
DA:46,6
DA:47,3
DA:50,6
LF:20
LH:10
BRDA:34,0,0,0
BRDA:34,0,1,0
BRF:2
BRH:0
end_of_record
TN:
SF:src\renderer\hooks\use-mobile.ts
FN:5,useIsMobile
FN:8,(anonymous_1)
FN:10,(anonymous_2)
FN:15,(anonymous_3)
FNF:4
FNH:0
FNDA:0,useIsMobile
FNDA:0,(anonymous_1)
FNDA:0,(anonymous_2)
FNDA:0,(anonymous_3)
DA:3,0
DA:6,0
DA:8,0
DA:9,0
DA:10,0
DA:11,0
DA:13,0
DA:14,0
DA:15,0
DA:18,0
LF:10
LH:0
BRF:0
BRH:0
end_of_record
TN:
SF:src\renderer\hooks\use-reconcile.ts
FN:3,useReconcile
FN:5,(anonymous_1)
FNF:2
FNH:0
FNDA:0,useReconcile
FNDA:0,(anonymous_1)
DA:4,0
DA:5,0
LF:2
LH:0
BRF:0
BRH:0
end_of_record
TN:
SF:src\renderer\hooks\use-settings.ts
FN:4,useSettings
FN:7,(anonymous_1)
FN:11,useSetting
FN:14,(anonymous_3)
FN:18,useSetSetting
FN:21,(anonymous_5)
FN:23,(anonymous_6)
FNF:7
FNH:0
FNDA:0,useSettings
FNDA:0,(anonymous_1)
FNDA:0,useSetting
FNDA:0,(anonymous_3)
FNDA:0,useSetSetting
FNDA:0,(anonymous_5)
FNDA:0,(anonymous_6)
DA:5,0
DA:7,0
DA:12,0
DA:14,0
DA:19,0
DA:20,0
DA:22,0
DA:23,0
LF:8
LH:0
BRF:0
BRH:0
end_of_record
TN:
SF:src\renderer\hooks\use-videos.ts
FN:5,useVideosPaginated
FN:8,(anonymous_1)
FN:12,useVideoById
FN:15,(anonymous_3)
FN:20,useDeleteVideo
FN:23,(anonymous_5)
FN:24,(anonymous_6)
FN:28,useRestoreVideo
FN:31,(anonymous_8)
FN:32,(anonymous_9)
FN:36,useFetchVideoDetail
FN:39,(anonymous_11)
FN:40,(anonymous_12)
FN:47,useEnrichAllVideos
FN:50,(anonymous_14)
FN:51,(anonymous_15)
FN:55,useTranscript
FN:58,(anonymous_17)
FNF:18
FNH:0
FNDA:0,useVideosPaginated
FNDA:0,(anonymous_1)
FNDA:0,useVideoById
FNDA:0,(anonymous_3)
FNDA:0,useDeleteVideo
FNDA:0,(anonymous_5)
FNDA:0,(anonymous_6)
FNDA:0,useRestoreVideo
FNDA:0,(anonymous_8)
FNDA:0,(anonymous_9)
FNDA:0,useFetchVideoDetail
FNDA:0,(anonymous_11)
FNDA:0,(anonymous_12)
FNDA:0,useEnrichAllVideos
FNDA:0,(anonymous_14)
FNDA:0,(anonymous_15)
FNDA:0,useTranscript
FNDA:0,(anonymous_17)
DA:6,0
DA:8,0
DA:13,0
DA:15,0
DA:21,0
DA:22,0
DA:23,0
DA:24,0
DA:29,0
DA:30,0
DA:31,0
DA:32,0
DA:37,0
DA:38,0
DA:39,0
DA:41,0
DA:42,0
DA:48,0
DA:49,0
DA:50,0
DA:51,0
DA:56,0
DA:58,0
LF:23
LH:0
BRF:0
BRH:0
end_of_record
TN:
SF:src\renderer\lib\format.ts
FN:4,formatDuration
FN:9,(anonymous_1)
FN:16,formatFileSize
FN:28,toMediaSrc
FNF:4
FNH:4
FNDA:21,formatDuration
FNDA:23,(anonymous_1)
FNDA:16,formatFileSize
FNDA:24,toMediaSrc
DA:5,21
DA:6,20
DA:7,20
DA:8,20
DA:9,23
DA:10,20
DA:17,16
DA:18,14
DA:19,12
DA:20,11
DA:21,1
DA:29,24
DA:31,3
LF:13
LH:13
BRDA:5,0,0,1
BRDA:5,0,1,20
BRDA:10,1,0,3
BRDA:10,1,1,17
BRDA:17,2,0,2
BRDA:17,2,1,14
BRDA:18,3,0,2
BRDA:18,3,1,12
BRDA:19,4,0,1
BRDA:19,4,1,11
BRDA:20,5,0,10
BRDA:20,5,1,1
BRDA:29,6,0,21
BRDA:29,6,1,3
BRF:14
BRH:14
end_of_record
TN:
SF:src\renderer\lib\query-client.ts
FNF:0
FNH:0
DA:3,0
LF:1
LH:0
BRF:0
BRH:0
end_of_record
TN:
SF:src\renderer\lib\query-keys.ts
FN:6,(anonymous_0)
FN:7,(anonymous_1)
FN:11,(anonymous_2)
FN:12,(anonymous_3)
FN:13,(anonymous_4)
FN:17,(anonymous_5)
FN:18,(anonymous_6)
FN:19,(anonymous_7)
FN:23,(anonymous_8)
FN:27,(anonymous_9)
FN:29,(anonymous_10)
FN:33,(anonymous_11)
FN:34,(anonymous_12)
FNF:13
FNH:0
FNDA:0,(anonymous_0)
FNDA:0,(anonymous_1)
FNDA:0,(anonymous_2)
FNDA:0,(anonymous_3)
FNDA:0,(anonymous_4)
FNDA:0,(anonymous_5)
FNDA:0,(anonymous_6)
FNDA:0,(anonymous_7)
FNDA:0,(anonymous_8)
FNDA:0,(anonymous_9)
FNDA:0,(anonymous_10)
FNDA:0,(anonymous_11)
FNDA:0,(anonymous_12)
DA:3,1
DA:6,0
DA:7,0
DA:11,0
DA:12,0
DA:13,0
DA:17,0
DA:18,0
DA:19,0
DA:23,0
DA:28,0
DA:29,0
DA:33,0
DA:34,0
LF:14
LH:1
BRF:0
BRH:0
end_of_record
TN:
SF:src\renderer\lib\utils.ts
FN:4,cn
FNF:1
FNH:1
FNDA:700,cn
DA:5,700
LF:1
LH:1
BRF:0
BRH:0
end_of_record
TN:
SF:src\renderer\src\routeTree.gen.ts
FN:22,(anonymous_0)
FN:27,(anonymous_1)
FN:32,(anonymous_2)
FN:37,(anonymous_3)
FN:42,(anonymous_4)
FN:47,(anonymous_5)
FNF:6
FNH:0
FNDA:0,(anonymous_0)
FNDA:0,(anonymous_1)
FNDA:0,(anonymous_2)
FNDA:0,(anonymous_3)
FNDA:0,(anonymous_4)
FNDA:0,(anonymous_5)
DA:19,0
DA:22,0
DA:24,0
DA:27,0
DA:29,0
DA:32,0
DA:34,0
DA:37,0
DA:39,0
DA:42,0
DA:44,0
DA:47,0
DA:158,0
DA:166,0
LF:14
LH:0
BRF:0
BRH:0
end_of_record
TN:
SF:src\renderer\src\routes\__root.tsx
FN:23,GlobalListeners
FN:37,AppBreadcrumb
FN:42,(anonymous_2)
FN:43,(anonymous_3)
FN:51,(anonymous_4)
FN:58,(anonymous_5)
FN:78,(anonymous_6)
FNF:7
FNH:0
FNDA:0,GlobalListeners
FNDA:0,AppBreadcrumb
FNDA:0,(anonymous_2)
FNDA:0,(anonymous_3)
FNDA:0,(anonymous_4)
FNDA:0,(anonymous_5)
FNDA:0,(anonymous_6)
DA:24,0
DA:25,0
DA:26,0
DA:30,0
DA:38,0
DA:41,0
DA:42,0
DA:43,0
DA:51,0
DA:53,0
DA:55,0
DA:59,0
DA:60,0
DA:78,0
DA:79,0
DA:104,0
LF:16
LH:0
BRDA:46,0,0,0
BRDA:46,0,1,0
BRDA:46,0,2,0
BRDA:53,1,0,0
BRDA:53,1,1,0
BRDA:62,2,0,0
BRDA:62,2,1,0
BRDA:63,3,0,0
BRDA:63,3,1,0
BRF:9
BRH:0
end_of_record
TN:
SF:src\renderer\src\routes\about.tsx
FN:11,AboutPage
FN:69,(anonymous_1)
FNF:2
FNH:0
FNDA:0,AboutPage
FNDA:0,(anonymous_1)
DA:7,0
DA:12,0
DA:70,0
LF:3
LH:0
BRF:0
BRH:0
end_of_record
TN:
SF:src\renderer\src\routes\downloads.tsx
FN:20,DownloadsPage
FN:28,(anonymous_1)
FN:31,(anonymous_2)
FN:39,(anonymous_3)
FN:43,(anonymous_4)
FN:51,(anonymous_5)
FN:56,(anonymous_6)
FNF:7
FNH:0
FNDA:0,DownloadsPage
FNDA:0,(anonymous_1)
FNDA:0,(anonymous_2)
FNDA:0,(anonymous_3)
FNDA:0,(anonymous_4)
FNDA:0,(anonymous_5)
FNDA:0,(anonymous_6)
DA:16,0
DA:21,0
DA:22,0
DA:23,0
DA:25,0
DA:26,0
DA:28,0
DA:29,0
DA:30,0
DA:32,0
DA:33,0
DA:35,0
DA:36,0
DA:39,0
DA:43,0
DA:44,0
DA:45,0
DA:46,0
DA:48,0
DA:52,0
DA:53,0
DA:54,0
DA:56,0
DA:61,0
LF:24
LH:0
BRDA:35,0,0,0
BRDA:35,0,1,0
BRDA:35,1,0,0
BRDA:35,1,1,0
BRDA:44,2,0,0
BRDA:44,2,1,0
BRDA:44,3,0,0
BRDA:44,3,1,0
BRDA:75,4,0,0
BRDA:75,4,1,0
BRDA:80,5,0,0
BRDA:80,5,1,0
BRDA:81,6,0,0
BRDA:81,6,1,0
BRF:14
BRH:0
end_of_record
TN:
SF:src\renderer\src\routes\index.tsx
FN:23,LibraryPage
FN:39,(anonymous_1)
FN:41,(anonymous_2)
FN:42,(anonymous_3)
FN:46,(anonymous_4)
FN:48,(anonymous_5)
FN:49,(anonymous_6)
FN:59,(anonymous_7)
FN:64,(anonymous_8)
FN:72,(anonymous_9)
FN:97,(anonymous_10)
FN:101,(anonymous_11)
FN:102,(anonymous_12)
FN:106,(anonymous_13)
FNF:14
FNH:0
FNDA:0,LibraryPage
FNDA:0,(anonymous_1)
FNDA:0,(anonymous_2)
FNDA:0,(anonymous_3)
FNDA:0,(anonymous_4)
FNDA:0,(anonymous_5)
FNDA:0,(anonymous_6)
FNDA:0,(anonymous_7)
FNDA:0,(anonymous_8)
FNDA:0,(anonymous_9)
FNDA:0,(anonymous_10)
FNDA:0,(anonymous_11)
FNDA:0,(anonymous_12)
FNDA:0,(anonymous_13)
DA:19,0
DA:24,0
DA:25,0
DA:26,0
DA:27,0
DA:29,0
DA:36,0
DA:37,0
DA:39,0
DA:40,0
DA:41,0
DA:42,0
DA:46,0
DA:47,0
DA:48,0
DA:49,0
DA:53,0
DA:60,0
DA:61,0
DA:65,0
DA:66,0
DA:73,0
DA:98,0
DA:101,0
DA:102,0
DA:107,0
LF:26
LH:0
BRDA:32,0,0,0
BRDA:32,0,1,0
BRDA:70,1,0,0
BRDA:70,1,1,0
BRDA:78,2,0,0
BRDA:78,2,1,0
BRDA:78,2,2,0
BRDA:78,2,3,0
BRDA:86,3,0,0
BRDA:86,3,1,0
BRDA:94,4,0,0
BRDA:94,4,1,0
BRDA:94,4,2,0
BRDA:94,4,3,0
BRF:14
BRH:0
end_of_record
TN:
SF:src\renderer\src\routes\main.tsx
FNF:0
FNH:0
DA:10,0
DA:20,0
DA:21,0
DA:22,0
DA:23,0
LF:5
LH:0
BRDA:21,0,0,0
BRDA:21,0,1,0
BRF:2
BRH:0
end_of_record
TN:
SF:src\renderer\src\routes\settings.tsx
FN:20,SettingsPage
FN:23,(anonymous_1)
FN:88,(anonymous_2)
FNF:3
FNH:0
FNDA:0,SettingsPage
FNDA:0,(anonymous_1)
FNDA:0,(anonymous_2)
DA:16,0
DA:21,0
DA:22,0
DA:23,0
DA:25,0
DA:89,0
LF:6
LH:0
BRDA:35,0,0,0
BRDA:35,0,1,0
BRDA:74,1,0,0
BRDA:74,1,1,0
BRDA:76,2,0,0
BRDA:76,2,1,0
BRDA:76,3,0,0
BRDA:76,3,1,0
BRF:8
BRH:0
end_of_record
TN:
SF:src\renderer\src\routes\videos.$videoId.tsx
FN:21,formatCount
FN:29,VideoDetailPage
FN:36,(anonymous_2)
FN:38,(anonymous_3)
FN:39,(anonymous_4)
FN:43,(anonymous_5)
FN:140,(anonymous_6)
FN:210,StatTile
FN:232,Row
FNF:9
FNH:0
FNDA:0,formatCount
FNDA:0,VideoDetailPage
FNDA:0,(anonymous_2)
FNDA:0,(anonymous_3)
FNDA:0,(anonymous_4)
FNDA:0,(anonymous_5)
FNDA:0,(anonymous_6)
FNDA:0,StatTile
FNDA:0,Row
DA:17,0
DA:22,0
DA:23,0
DA:24,0
DA:25,0
DA:26,0
DA:30,0
DA:31,0
DA:32,0
DA:33,0
DA:34,0
DA:36,0
DA:37,0
DA:38,0
DA:39,0
DA:43,0
DA:44,0
DA:45,0
DA:46,0
DA:49,0
DA:50,0
DA:58,0
DA:59,0
DA:70,0
DA:71,0
DA:73,0
DA:141,0
DA:219,0
DA:241,0
LF:29
LH:0
BRDA:22,0,0,0
BRDA:22,0,1,0
BRDA:23,1,0,0
BRDA:23,1,1,0
BRDA:24,2,0,0
BRDA:24,2,1,0
BRDA:25,3,0,0
BRDA:25,3,1,0
BRDA:44,4,0,0
BRDA:44,4,1,0
BRDA:49,5,0,0
BRDA:49,5,1,0
BRDA:58,6,0,0
BRDA:58,6,1,0
BRDA:77,7,0,0
BRDA:77,7,1,0
BRDA:80,8,0,0
BRDA:80,8,1,0
BRDA:85,9,0,0
BRDA:85,9,1,0
BRDA:93,10,0,0
BRDA:93,10,1,0
BRDA:125,11,0,0
BRDA:125,11,1,0
BRDA:127,12,0,0
BRDA:127,12,1,0
BRDA:130,13,0,0
BRDA:130,13,1,0
BRDA:130,13,2,0
BRDA:130,13,3,0
BRDA:138,14,0,0
BRDA:138,14,1,0
BRDA:139,15,0,0
BRDA:139,15,1,0
BRDA:149,16,0,0
BRDA:149,16,1,0
BRDA:169,17,0,0
BRDA:169,17,1,0
BRDA:174,18,0,0
BRDA:174,18,1,0
BRDA:182,19,0,0
BRDA:182,19,1,0
BRDA:184,20,0,0
BRDA:184,20,1,0
BRDA:195,21,0,0
BRDA:195,21,1,0
BRDA:244,22,0,0
BRDA:244,22,1,0
BRF:48
BRH:0
end_of_record
TN:
SF:src\renderer\src\routes\creators\$creatorId.tsx
FN:24,CreatorDetailPage
FN:68,VideosTab
FN:78,(anonymous_2)
FN:102,(anonymous_3)
FN:106,(anonymous_4)
FN:108,(anonymous_5)
FN:109,(anonymous_6)
FN:112,(anonymous_7)
FN:114,(anonymous_8)
FN:115,(anonymous_9)
FN:127,(anonymous_10)
FN:142,CutsTab
FN:151,(anonymous_12)
FN:177,(anonymous_13)
FN:181,(anonymous_14)
FN:183,(anonymous_15)
FN:184,(anonymous_16)
FN:187,(anonymous_17)
FN:189,(anonymous_18)
FN:190,(anonymous_19)
FNF:20
FNH:0
FNDA:0,CreatorDetailPage
FNDA:0,VideosTab
FNDA:0,(anonymous_2)
FNDA:0,(anonymous_3)
FNDA:0,(anonymous_4)
FNDA:0,(anonymous_5)
FNDA:0,(anonymous_6)
FNDA:0,(anonymous_7)
FNDA:0,(anonymous_8)
FNDA:0,(anonymous_9)
FNDA:0,(anonymous_10)
FNDA:0,CutsTab
FNDA:0,(anonymous_12)
FNDA:0,(anonymous_13)
FNDA:0,(anonymous_14)
FNDA:0,(anonymous_15)
FNDA:0,(anonymous_16)
FNDA:0,(anonymous_17)
FNDA:0,(anonymous_18)
FNDA:0,(anonymous_19)
DA:20,0
DA:25,0
DA:26,0
DA:28,0
DA:29,0
DA:37,0
DA:38,0
DA:49,0
DA:69,0
DA:70,0
DA:71,0
DA:72,0
DA:73,0
DA:75,0
DA:76,0
DA:79,0
DA:85,0
DA:86,0
DA:99,0
DA:103,0
DA:107,0
DA:108,0
DA:109,0
DA:113,0
DA:114,0
DA:115,0
DA:128,0
DA:143,0
DA:144,0
DA:145,0
DA:146,0
DA:148,0
DA:149,0
DA:152,0
DA:158,0
DA:159,0
DA:174,0
DA:178,0
DA:182,0
DA:183,0
DA:184,0
DA:188,0
DA:189,0
DA:190,0
LF:44
LH:0
BRDA:28,0,0,0
BRDA:28,0,1,0
BRDA:37,1,0,0
BRDA:37,1,1,0
BRDA:75,2,0,0
BRDA:75,2,1,0
BRDA:85,3,0,0
BRDA:85,3,1,0
BRDA:85,4,0,0
BRDA:85,4,1,0
BRDA:148,5,0,0
BRDA:148,5,1,0
BRDA:158,6,0,0
BRDA:158,6,1,0
BRDA:158,7,0,0
BRDA:158,7,1,0
BRF:16
BRH:0
end_of_record
